Stat job  started at Fri May 31 16:57:06 CEST 2019
Thesis copied; current dir: /scratch/Thesis
RUNNING STAT SCRIPT WITH VI
WAITING...
2359830 2057305 50000016 564257
VI: MADE DIR  stats/

VI: BASIC STATS
	VI TIME:  9.15249228477478

VI: BASIC ZIPF
	VI TIME:  509.66886830329895
VI: Estimated SENTS RANKS FREQS suite
VI: Estimated {WORDS, ARTICLES} RANKS FREQS

VI: REPRESENTATIONS
VI: Estimated SENTS RANKS PROBS
VI: Estimated SENTS FREQ FREQS
VI: Estimated SENTS FREQ FREQS

VI: CONVERGENCE
1000000
3578947
6157894
8736842
11315789
13894736
16473684
19052631
21631578
24210526
26789473
29368421
31947368
34526315
37105263
39684210
42263157
44842105
47421052
50000000
	VI TIME:  361.9382436275482
VI: Estimated SENT RANKS PROBS convergence
1000000
3578947
6157894
8736842
11315789
13894736
16473684
19052631
21631578
24210526
26789473
29368421
31947368
34526315
37105263
39684210
42263157
44842105
47421052
50000000
VI: Estimated SENT FREQ PROBS convergence

VI: HEAP

 heap: 0
heap: 0.08082962036132812

 heap: 505050
heap: 0.1471726894378662

 heap: 1010101
heap: 0.23279833793640137

 heap: 1515151
heap: 0.31358933448791504

 heap: 2020202
heap: 0.3954658508300781

 heap: 2525252
heap: 0.48136019706726074

 heap: 3030303
heap: 0.5557453632354736

 heap: 3535353
heap: 0.6361796855926514

 heap: 4040404
heap: 0.7137832641601562

 heap: 4545454
heap: 0.7937455177307129

 heap: 5050505
heap: 0.877138614654541

 heap: 5555555
heap: 0.9543733596801758

 heap: 6060606
heap: 1.0299501419067383

 heap: 6565656
heap: 1.1075918674468994

 heap: 7070707
heap: 1.1922187805175781

 heap: 7575757
heap: 1.2724285125732422

 heap: 8080808
heap: 1.351789951324463

 heap: 8585858
heap: 1.4380772113800049

 heap: 9090909
heap: 1.5106728076934814

 heap: 9595959
heap: 1.5918779373168945

 heap: 10101010
heap: 1.6680514812469482

 heap: 10606060
heap: 1.752272129058838

 heap: 11111111
heap: 1.8327271938323975

 heap: 11616161
heap: 1.9113507270812988

 heap: 12121212
heap: 1.9949541091918945

 heap: 12626262
heap: 2.079148530960083

 heap: 13131313
heap: 2.1489319801330566

 heap: 13636363
heap: 2.230379343032837

 heap: 14141414
heap: 2.306313991546631

 heap: 14646464
heap: 2.399055004119873

 heap: 15151515
heap: 2.4673714637756348

 heap: 15656565
heap: 2.5514674186706543

 heap: 16161616
heap: 2.6301608085632324

 heap: 16666666
heap: 2.715787172317505

 heap: 17171717
heap: 2.7802977561950684

 heap: 17676767
heap: 2.8746423721313477

 heap: 18181818
heap: 2.9495463371276855

 heap: 18686868
heap: 3.0409460067749023

 heap: 19191919
heap: 3.112950563430786

 heap: 19696969
heap: 3.18808913230896

 heap: 20202020
heap: 3.324230909347534

 heap: 20707070
heap: 3.366368293762207

 heap: 21212121
heap: 3.429673671722412

 heap: 21717171
heap: 3.5211732387542725

 heap: 22222222
heap: 3.640568494796753

 heap: 22727272
heap: 3.659581422805786

 heap: 23232323
heap: 3.730961322784424

 heap: 23737373
heap: 3.8260085582733154

 heap: 24242424
heap: 3.899960994720459

 heap: 24747474
heap: 3.9815521240234375

 heap: 25252525
heap: 4.052511215209961

 heap: 25757575
heap: 4.1397621631622314

 heap: 26262626
heap: 4.210392951965332

 heap: 26767676
heap: 4.306974649429321

 heap: 27272727
heap: 4.380548477172852

 heap: 27777777
heap: 4.46356725692749

 heap: 28282828
heap: 4.573697805404663

 heap: 28787878
heap: 4.629484415054321

 heap: 29292929
heap: 4.697438478469849

 heap: 29797979
heap: 4.783956527709961

 heap: 30303030
heap: 4.846282958984375

 heap: 30808080
heap: 4.951853275299072

 heap: 31313131
heap: 5.010833740234375

 heap: 31818181
heap: 5.110467195510864

 heap: 32323232
heap: 5.171274423599243

 heap: 32828282
heap: 5.263155221939087

 heap: 33333333
heap: 5.333640098571777

 heap: 33838383
heap: 5.41970419883728

 heap: 34343434
heap: 5.503732919692993

 heap: 34848484
heap: 5.593869686126709

 heap: 35353535
heap: 5.662431001663208

 heap: 35858585
heap: 5.740482807159424

 heap: 36363636
heap: 5.810892581939697

 heap: 36868686
heap: 5.909261703491211

 heap: 37373737
heap: 5.981487274169922

 heap: 37878787
heap: 6.058902263641357

 heap: 38383838
heap: 6.143747329711914

 heap: 38888888
heap: 6.221023321151733

 heap: 39393939
heap: 6.308075904846191

 heap: 39898989
heap: 6.389550447463989

 heap: 40404040
heap: 6.463263511657715

 heap: 40909090
heap: 6.553005933761597

 heap: 41414141
heap: 6.620250225067139

 heap: 41919191
heap: 6.714095592498779

 heap: 42424242
heap: 6.782689571380615

 heap: 42929292
heap: 6.8770246505737305

 heap: 43434343
heap: 6.937811851501465

 heap: 43939393
heap: 7.084029912948608

 heap: 44444444
heap: 7.110191583633423

 heap: 44949494
heap: 7.198471784591675

 heap: 45454545
heap: 7.26183557510376

 heap: 45959595
heap: 7.329056262969971

 heap: 46464646
heap: 7.445148944854736

 heap: 46969696
heap: 7.504915952682495

 heap: 47474747
heap: 7.574648380279541

 heap: 47979797
heap: 7.661076545715332

 heap: 48484848
heap: 7.754158973693848

 heap: 48989898
heap: 7.832612752914429

 heap: 49494949
heap: 7.910698413848877

 heap: 50000000
heap: 7.993573427200317

 heap: 0
heap: 0.08377504348754883

 heap: 505050
heap: 0.14633893966674805

 heap: 1010101
heap: 0.23081088066101074

 heap: 1515151
heap: 0.3117849826812744

 heap: 2020202
heap: 0.39134955406188965

 heap: 2525252
heap: 0.4734334945678711

 heap: 3030303
heap: 0.5534265041351318

 heap: 3535353
heap: 0.6322216987609863

 heap: 4040404
heap: 0.7147603034973145

 heap: 4545454
heap: 0.7901115417480469

 heap: 5050505
heap: 0.8656759262084961

 heap: 5555555
heap: 0.946643590927124

 heap: 6060606
heap: 1.0221762657165527

 heap: 6565656
heap: 1.1151905059814453

 heap: 7070707
heap: 1.1861708164215088

 heap: 7575757
heap: 1.2668349742889404

 heap: 8080808
heap: 1.3481347560882568

 heap: 8585858
heap: 1.4209024906158447

 heap: 9090909
heap: 1.5024693012237549

 heap: 9595959
heap: 1.5803680419921875

 heap: 10101010
heap: 1.6595454216003418

 heap: 10606060
heap: 1.739832878112793

 heap: 11111111
heap: 1.817579746246338

 heap: 11616161
heap: 1.8982112407684326

 heap: 12121212
heap: 1.9937071800231934

 heap: 12626262
heap: 2.052668809890747

 heap: 13131313
heap: 2.140979766845703

 heap: 13636363
heap: 2.2111072540283203

 heap: 14141414
heap: 2.2964773178100586

 heap: 14646464
heap: 2.3738632202148438

 heap: 15151515
heap: 2.454176187515259

 heap: 15656565
heap: 2.5441839694976807

 heap: 16161616
heap: 2.615800142288208

 heap: 16666666
heap: 2.6892170906066895

 heap: 17171717
heap: 2.769092559814453

 heap: 17676767
heap: 2.8469676971435547

 heap: 18181818
heap: 2.9290213584899902

 heap: 18686868
heap: 3.0079076290130615

 heap: 19191919
heap: 3.0873959064483643

 heap: 19696969
heap: 3.167127847671509

 heap: 20202020
heap: 3.2486507892608643

 heap: 20707070
heap: 3.329665184020996

 heap: 21212121
heap: 3.415825128555298

 heap: 21717171
heap: 3.4809226989746094

 heap: 22222222
heap: 3.5705764293670654

 heap: 22727272
heap: 3.654538631439209

 heap: 23232323
heap: 3.73415470123291

 heap: 23737373
heap: 3.8132097721099854

 heap: 24242424
heap: 3.889355421066284

 heap: 24747474
heap: 3.9747138023376465

 heap: 25252525
heap: 4.081886529922485

 heap: 25757575
heap: 4.134459733963013

 heap: 26262626
heap: 4.211182355880737

 heap: 26767676
heap: 4.28994083404541

 heap: 27272727
heap: 4.379935026168823

 heap: 27777777
heap: 4.447481632232666

 heap: 28282828
heap: 4.575381517410278

 heap: 28787878
heap: 4.62763786315918

 heap: 29292929
heap: 4.701439619064331

 heap: 29797979
heap: 4.794045448303223

 heap: 30303030
heap: 4.8950583934783936

 heap: 30808080
heap: 4.932519912719727

 heap: 31313131
heap: 5.01807975769043

 heap: 31818181
heap: 5.10670804977417

 heap: 32323232
heap: 5.191158056259155

 heap: 32828282
heap: 5.258955240249634

 heap: 33333333
heap: 5.341731786727905

 heap: 33838383
heap: 5.413803815841675

 heap: 34343434
heap: 5.496969223022461

 heap: 34848484
heap: 5.568144083023071

 heap: 35353535
heap: 5.691966533660889

 heap: 35858585
heap: 5.777045965194702

 heap: 36363636
heap: 5.814250946044922

 heap: 36868686
heap: 5.899106025695801

 heap: 37373737
heap: 5.996740102767944

 heap: 37878787
heap: 6.073369264602661

 heap: 38383838
heap: 6.133514165878296

 heap: 38888888
heap: 6.222857475280762

 heap: 39393939
heap: 6.35245156288147

 heap: 39898989
heap: 6.366393804550171

 heap: 40404040
heap: 6.46174430847168

 heap: 40909090
heap: 6.546347618103027

 heap: 41414141
heap: 6.699002742767334

 heap: 41919191
heap: 6.9444944858551025

 heap: 42424242
heap: 7.151078462600708

 heap: 42929292
heap: 7.166292667388916

 heap: 43434343
heap: 6.943609237670898

 heap: 43939393
heap: 7.045675039291382

 heap: 44444444
heap: 7.105604648590088

 heap: 44949494
heap: 7.1877827644348145

 heap: 45454545
heap: 7.2750303745269775

 heap: 45959595
heap: 7.348857879638672

 heap: 46464646
heap: 7.4974963665008545

 heap: 46969696
heap: 7.532735347747803

 heap: 47474747
heap: 7.593436002731323

 heap: 47979797
heap: 7.66237998008728

 heap: 48484848
heap: 7.7342917919158936

 heap: 48989898
heap: 7.939593315124512

 heap: 49494949
heap: 7.900841951370239

 heap: 50000000
heap: 8.034236669540405

 heap: 0
heap: 0.08437752723693848

 heap: 505050
heap: 0.1473863124847412

 heap: 1010101
heap: 0.23363065719604492

 heap: 1515151
heap: 0.3136742115020752

 heap: 2020202
heap: 0.39491748809814453

 heap: 2525252
heap: 0.4762089252471924

 heap: 3030303
heap: 0.5549733638763428

 heap: 3535353
heap: 0.6351180076599121

 heap: 4040404
heap: 0.7134361267089844

 heap: 4545454
heap: 0.7920057773590088

 heap: 5050505
heap: 0.8702523708343506

 heap: 5555555
heap: 0.9530301094055176

 heap: 6060606
heap: 1.028881549835205

 heap: 6565656
heap: 1.1065235137939453

 heap: 7070707
heap: 1.1876752376556396

 heap: 7575757
heap: 1.268688678741455

 heap: 8080808
heap: 1.3555152416229248

 heap: 8585858
heap: 1.4299194812774658

 heap: 9090909
heap: 1.515716552734375

 heap: 9595959
heap: 1.5954222679138184

 heap: 10101010
heap: 1.6695234775543213

 heap: 10606060
heap: 1.7474582195281982

 heap: 11111111
heap: 1.8274879455566406

 heap: 11616161
heap: 1.9072372913360596

 heap: 12121212
heap: 1.9814248085021973

 heap: 12626262
heap: 2.066553831100464

 heap: 13131313
heap: 2.145230770111084

 heap: 13636363
heap: 2.2297682762145996

 heap: 14141414
heap: 2.304103136062622

 heap: 14646464
heap: 2.3889386653900146

 heap: 15151515
heap: 2.467275381088257

 heap: 15656565
heap: 2.5482828617095947

 heap: 16161616
heap: 2.6296191215515137

 heap: 16666666
heap: 2.7226338386535645

 heap: 17171717
heap: 2.7840964794158936

 heap: 17676767
heap: 2.864335060119629

 heap: 18181818
heap: 2.9413273334503174

 heap: 18686868
heap: 3.029115915298462

 heap: 19191919
heap: 3.1068434715270996

 heap: 19696969
heap: 3.1880695819854736

 heap: 20202020
heap: 3.2461812496185303

 heap: 20707070
heap: 3.337536096572876

 heap: 21212121
heap: 3.4273767471313477

 heap: 21717171
heap: 3.513234853744507

 heap: 22222222
heap: 3.568671464920044

 heap: 22727272
heap: 3.649312973022461

 heap: 23232323
heap: 3.741326093673706

 heap: 23737373
heap: 3.8143057823181152

 heap: 24242424
heap: 3.8804330825805664

 heap: 24747474
heap: 3.970367193222046

 heap: 25252525
heap: 4.039608001708984

 heap: 25757575
heap: 4.147064447402954

 heap: 26262626
heap: 4.2209672927856445

 heap: 26767676
heap: 4.307594060897827

 heap: 27272727
heap: 4.4058918952941895

 heap: 27777777
heap: 4.459599018096924

 heap: 28282828
heap: 4.530148267745972

 heap: 28787878
heap: 4.619994640350342

 heap: 29292929
heap: 4.701857089996338

 heap: 29797979
heap: 4.772821426391602

 heap: 30303030
heap: 4.864295244216919

 heap: 30808080
heap: 4.926259517669678

 heap: 31313131
heap: 5.026374340057373

 heap: 31818181
heap: 5.108234882354736

 heap: 32323232
heap: 5.254929304122925

 heap: 32828282
heap: 5.270899295806885

 heap: 33333333
heap: 5.342566251754761

 heap: 33838383
heap: 5.41499400138855

 heap: 34343434
heap: 5.502444744110107

 heap: 34848484
heap: 5.574191570281982

 heap: 35353535
heap: 5.660616874694824

 heap: 35858585
heap: 5.750677108764648

 heap: 36363636
heap: 5.819671630859375

 heap: 36868686
heap: 5.901444673538208

 heap: 37373737
heap: 6.038879632949829

 heap: 37878787
heap: 6.058276653289795

 heap: 38383838
heap: 6.1498448848724365

 heap: 38888888
heap: 6.22458028793335

 heap: 39393939
heap: 6.299870729446411

 heap: 39898989
heap: 6.3726770877838135

 heap: 40404040
heap: 6.46169114112854

 heap: 40909090
heap: 6.562658071517944

 heap: 41414141
heap: 6.617926836013794

 heap: 41919191
heap: 6.701863050460815

 heap: 42424242
heap: 6.774694919586182

 heap: 42929292
heap: 6.868715047836304

 heap: 43434343
heap: 6.945246458053589

 heap: 43939393
heap: 7.025671720504761

 heap: 44444444
heap: 7.105818271636963

 heap: 44949494
heap: 7.180176734924316

 heap: 45454545
heap: 7.272579193115234

 heap: 45959595
heap: 7.340349912643433

 heap: 46464646
heap: 7.4260029792785645

 heap: 46969696
heap: 7.496683835983276

 heap: 47474747
heap: 7.5783305168151855

 heap: 47979797
heap: 7.660401821136475

 heap: 48484848
heap: 7.743842124938965

 heap: 48989898
heap: 7.844484806060791

 heap: 49494949
heap: 7.962351083755493

 heap: 50000000
heap: 8.009492874145508

 heap: 0
heap: 0.08408713340759277

 heap: 505050
heap: 0.14717698097229004

 heap: 1010101
heap: 0.23095703125

 heap: 1515151
heap: 0.31256771087646484

 heap: 2020202
heap: 0.39240288734436035

 heap: 2525252
heap: 0.4731719493865967

 heap: 3030303
heap: 0.5564284324645996

 heap: 3535353
heap: 0.631340742111206

 heap: 4040404
heap: 0.7160041332244873

 heap: 4545454
heap: 0.7890210151672363

 heap: 5050505
heap: 0.8657345771789551

 heap: 5555555
heap: 0.9525890350341797

 heap: 6060606
heap: 1.0220367908477783

 heap: 6565656
heap: 1.1015770435333252

 heap: 7070707
heap: 1.18746018409729

 heap: 7575757
heap: 1.261737585067749

 heap: 8080808
heap: 1.3429653644561768

 heap: 8585858
heap: 1.4206724166870117

 heap: 9090909
heap: 1.505162239074707

 heap: 9595959
heap: 1.58599853515625

 heap: 10101010
heap: 1.6590185165405273

 heap: 10606060
heap: 1.7437403202056885

 heap: 11111111
heap: 1.8163633346557617

 heap: 11616161
heap: 1.898383378982544

 heap: 12121212
heap: 1.9830060005187988

 heap: 12626262
heap: 2.058199882507324

 heap: 13131313
heap: 2.1357576847076416

 heap: 13636363
heap: 2.2130415439605713

 heap: 14141414
heap: 2.3024916648864746

 heap: 14646464
heap: 2.3729982376098633

 heap: 15151515
heap: 2.4480998516082764

 heap: 15656565
heap: 2.5362303256988525

 heap: 16161616
heap: 2.608363628387451

 heap: 16666666
heap: 2.695387601852417

 heap: 17171717
heap: 2.774275541305542

 heap: 17676767
heap: 2.845780611038208

 heap: 18181818
heap: 2.930732011795044

 heap: 18686868
heap: 3.0145673751831055

 heap: 19191919
heap: 3.1440343856811523

 heap: 19696969
heap: 3.1803605556488037

 heap: 20202020
heap: 3.245753765106201

 heap: 20707070
heap: 3.3343327045440674

 heap: 21212121
heap: 3.4049487113952637

 heap: 21717171
heap: 3.4840519428253174

 heap: 22222222
heap: 3.5708069801330566

 heap: 22727272
heap: 3.6562438011169434

 heap: 23232323
heap: 3.7366888523101807

 heap: 23737373
heap: 3.8168344497680664

 heap: 24242424
heap: 3.898120403289795

 heap: 24747474
heap: 3.973877191543579

 heap: 25252525
heap: 4.053499698638916

 heap: 25757575
heap: 4.135546684265137

 heap: 26262626
heap: 4.213824033737183

 heap: 26767676
heap: 4.301212310791016

 heap: 27272727
heap: 4.429287672042847

 heap: 27777777
heap: 4.471807241439819

 heap: 28282828
heap: 4.543760299682617

 heap: 28787878
heap: 4.61553692817688

 heap: 29292929
heap: 4.707244873046875

 heap: 29797979
heap: 4.772024869918823

 heap: 30303030
heap: 4.876491069793701

 heap: 30808080
heap: 4.943827152252197

 heap: 31313131
heap: 5.017890214920044

 heap: 31818181
heap: 5.09799337387085

 heap: 32323232
heap: 5.198017835617065

 heap: 32828282
heap: 5.258365869522095

 heap: 33333333
heap: 5.347120523452759

 heap: 33838383
heap: 5.428838014602661

 heap: 34343434
heap: 5.4948320388793945

 heap: 34848484
heap: 5.586634159088135

 heap: 35353535
heap: 5.655502080917358

 heap: 35858585
heap: 5.727524757385254

 heap: 36363636
heap: 5.831898927688599

 heap: 36868686
heap: 5.895178556442261

 heap: 37373737
heap: 5.977977991104126

 heap: 37878787
heap: 6.059401273727417

 heap: 38383838
heap: 6.187938928604126

 heap: 38888888
heap: 6.233990430831909

 heap: 39393939
heap: 6.2893149852752686

 heap: 39898989
heap: 6.387242555618286

 heap: 40404040
heap: 6.451338768005371

 heap: 40909090
heap: 6.548468112945557

 heap: 41414141
heap: 6.636868238449097

 heap: 41919191
heap: 6.687451124191284

 heap: 42424242
heap: 6.77763032913208

 heap: 42929292
heap: 6.861019134521484

 heap: 43434343
heap: 7.000427484512329

 heap: 43939393
heap: 7.04144024848938

 heap: 44444444
heap: 7.097967863082886

 heap: 44949494
heap: 7.190732717514038

 heap: 45454545
heap: 7.346957206726074

 heap: 45959595
heap: 7.3700244426727295

 heap: 46464646
heap: 7.441004037857056

 heap: 46969696
heap: 7.498632192611694

 heap: 47474747
heap: 7.574903964996338

 heap: 47979797
heap: 7.828781604766846

 heap: 48484848
heap: 8.084893941879272

 heap: 48989898
heap: 8.257647037506104

 heap: 49494949
heap: 8.01580810546875

 heap: 50000000
heap: 8.030544519424438

 heap: 0
heap: 0.08387637138366699

 heap: 505050
heap: 0.14687848091125488

 heap: 1010101
heap: 0.23224949836730957

 heap: 1515151
heap: 0.31259775161743164

 heap: 2020202
heap: 0.3929898738861084

 heap: 2525252
heap: 0.47814393043518066

 heap: 3030303
heap: 0.5564365386962891

 heap: 3535353
heap: 0.6350197792053223

 heap: 4040404
heap: 0.7106964588165283

 heap: 4545454
heap: 0.7918298244476318

 heap: 5050505
heap: 0.8711016178131104

 heap: 5555555
heap: 0.9481325149536133

 heap: 6060606
heap: 1.0330488681793213

 heap: 6565656
heap: 1.1089832782745361

 heap: 7070707
heap: 1.1853981018066406

 heap: 7575757
heap: 1.2693612575531006

 heap: 8080808
heap: 1.3503153324127197

 heap: 8585858
heap: 1.4272286891937256

 heap: 9090909
heap: 1.5138177871704102

 heap: 9595959
heap: 1.596735954284668

 heap: 10101010
heap: 1.6703791618347168

 heap: 10606060
heap: 1.7503204345703125

 heap: 11111111
heap: 1.830573558807373

 heap: 11616161
heap: 1.9033656120300293

 heap: 12121212
heap: 1.9897372722625732

 heap: 12626262
heap: 2.070219039916992

 heap: 13131313
heap: 2.1602962017059326

 heap: 13636363
heap: 2.2451963424682617

 heap: 14141414
heap: 2.3002681732177734

 heap: 14646464
heap: 2.386761426925659

 heap: 15151515
heap: 2.4615402221679688

 heap: 15656565
heap: 2.548525333404541

 heap: 16161616
heap: 2.6249489784240723

 heap: 16666666
heap: 2.716305732727051

 heap: 17171717
heap: 2.784648895263672

 heap: 17676767
heap: 2.8663060665130615

 heap: 18181818
heap: 2.9514567852020264

 heap: 18686868
heap: 3.0281612873077393

 heap: 19191919
heap: 3.0964930057525635

 heap: 19696969
heap: 3.1937172412872314

 heap: 20202020
heap: 3.271693229675293

 heap: 20707070
heap: 3.322728395462036

 heap: 21212121
heap: 3.4002740383148193

 heap: 21717171
heap: 3.496622323989868

 heap: 22222222
heap: 3.5684092044830322

 heap: 22727272
heap: 3.663599967956543

 heap: 23232323
heap: 3.7304625511169434

 heap: 23737373
heap: 3.81443190574646

 heap: 24242424
heap: 3.906811237335205

 heap: 24747474
heap: 3.973400354385376

 heap: 25252525
heap: 4.052330255508423

 heap: 25757575
heap: 4.142887830734253

 heap: 26262626
heap: 4.2533721923828125

 heap: 26767676
heap: 4.297640085220337

 heap: 27272727
heap: 4.374959945678711

 heap: 27777777
heap: 4.448772668838501

 heap: 28282828
heap: 4.539633274078369

 heap: 28787878
heap: 4.652216911315918

 heap: 29292929
heap: 4.716778516769409

 heap: 29797979
heap: 4.785191535949707

 heap: 30303030
heap: 4.852525234222412

 heap: 30808080
heap: 4.93503737449646

 heap: 31313131
heap: 5.020245552062988

 heap: 31818181
heap: 5.091948986053467

 heap: 32323232
heap: 5.174509525299072

 heap: 32828282
heap: 5.262547492980957

 heap: 33333333
heap: 5.338040351867676

 heap: 33838383
heap: 5.4170801639556885

 heap: 34343434
heap: 5.500296115875244

 heap: 34848484
heap: 5.5790855884552

 heap: 35353535
heap: 5.655154228210449

 heap: 35858585
heap: 5.750672101974487

 heap: 36363636
heap: 5.81745171546936

 heap: 36868686
heap: 5.8936927318573

 heap: 37373737
heap: 5.97760272026062

 heap: 37878787
heap: 6.062005519866943

 heap: 38383838
heap: 6.1405556201934814

 heap: 38888888
heap: 6.218648433685303

 heap: 39393939
heap: 6.3022825717926025

 heap: 39898989
heap: 6.386915922164917

 heap: 40404040
heap: 6.446414470672607

 heap: 40909090
heap: 6.54903769493103

 heap: 41414141
heap: 6.627423286437988

 heap: 41919191
heap: 6.700735092163086

 heap: 42424242
heap: 6.789134740829468

 heap: 42929292
heap: 6.86417031288147

 heap: 43434343
heap: 6.949598789215088

 heap: 43939393
heap: 7.007889270782471

 heap: 44444444
heap: 7.106543779373169

 heap: 44949494
heap: 7.1962714195251465

 heap: 45454545
heap: 7.263304710388184

 heap: 45959595
heap: 7.332608938217163

 heap: 46464646
heap: 7.441133737564087

 heap: 46969696
heap: 7.520379304885864

 heap: 47474747
heap: 7.592398643493652

 heap: 47979797
heap: 7.652801990509033

 heap: 48484848
heap: 7.811164140701294

 heap: 48989898
heap: 7.830794334411621

 heap: 49494949
heap: 7.909192323684692

 heap: 50000000
heap: 7.9688355922698975

 heap: 0
heap: 0.08364582061767578

 heap: 505050
heap: 0.1465303897857666

 heap: 1010101
heap: 0.23066449165344238

 heap: 1515151
heap: 0.3115732669830322

 heap: 2020202
heap: 0.3917958736419678

 heap: 2525252
heap: 0.4753429889678955

 heap: 3030303
heap: 0.5528275966644287

 heap: 3535353
heap: 0.6300258636474609

 heap: 4040404
heap: 0.7142000198364258

 heap: 4545454
heap: 0.7879514694213867

 heap: 5050505
heap: 0.8764002323150635

 heap: 5555555
heap: 0.9507434368133545

 heap: 6060606
heap: 1.0238547325134277

 heap: 6565656
heap: 1.1101429462432861

 heap: 7070707
heap: 1.1815710067749023

 heap: 7575757
heap: 1.2674131393432617

 heap: 8080808
heap: 1.3451833724975586

 heap: 8585858
heap: 1.4210777282714844

 heap: 9090909
heap: 1.5017061233520508

 heap: 9595959
heap: 1.5767743587493896

 heap: 10101010
heap: 1.6559169292449951

 heap: 10606060
heap: 1.7446062564849854

 heap: 11111111
heap: 1.817121982574463

 heap: 11616161
heap: 1.8959956169128418

 heap: 12121212
heap: 1.977689266204834

 heap: 12626262
heap: 2.054739236831665

 heap: 13131313
heap: 2.1321640014648438

 heap: 13636363
heap: 2.216346502304077

 heap: 14141414
heap: 2.2862937450408936

 heap: 14646464
heap: 2.3775131702423096

 heap: 15151515
heap: 2.45731782913208

 heap: 15656565
heap: 2.53391695022583

 heap: 16161616
heap: 2.611058473587036

 heap: 16666666
heap: 2.692044973373413

 heap: 17171717
heap: 2.771893262863159

 heap: 17676767
heap: 2.849302053451538

 heap: 18181818
heap: 2.931440591812134

 heap: 18686868
heap: 3.0034239292144775

 heap: 19191919
heap: 3.093078374862671

 heap: 19696969
heap: 3.1697258949279785

 heap: 20202020
heap: 3.258455991744995

 heap: 20707070
heap: 3.3401336669921875

 heap: 21212121
heap: 3.400066614151001

 heap: 21717171
heap: 3.4863924980163574

 heap: 22222222
heap: 3.578035354614258

 heap: 22727272
heap: 3.652448892593384

 heap: 23232323
heap: 3.729745626449585

 heap: 23737373
heap: 3.827112913131714

 heap: 24242424
heap: 3.8970425128936768

 heap: 24747474
heap: 3.9864728450775146

 heap: 25252525
heap: 4.060153007507324

 heap: 25757575
heap: 4.145115375518799

 heap: 26262626
heap: 4.223873853683472

 heap: 26767676
heap: 4.3654327392578125

 heap: 27272727
heap: 4.373647928237915

 heap: 27777777
heap: 4.456672430038452

 heap: 28282828
heap: 4.535502195358276

 heap: 28787878
heap: 4.635824918746948

 heap: 29292929
heap: 4.694392919540405

 heap: 29797979
heap: 4.770111560821533

 heap: 30303030
heap: 4.85306453704834

 heap: 30808080
heap: 4.926854133605957

 heap: 31313131
heap: 5.025014162063599

 heap: 31818181
heap: 5.102790832519531

 heap: 32323232
heap: 5.188459634780884

 heap: 32828282
heap: 5.256574392318726

 heap: 33333333
heap: 5.332380771636963

 heap: 33838383
heap: 5.41334867477417

 heap: 34343434
heap: 5.505248069763184

 heap: 34848484
heap: 5.582076072692871

 heap: 35353535
heap: 5.6629180908203125

 heap: 35858585
heap: 5.740311145782471

 heap: 36363636
heap: 5.882448196411133

 heap: 36868686
heap: 5.9013731479644775

 heap: 37373737
heap: 5.971049785614014

 heap: 37878787
heap: 6.121734857559204

 heap: 38383838
heap: 6.121563196182251

 heap: 38888888
heap: 6.213115453720093

 heap: 39393939
heap: 6.314705848693848

 heap: 39898989
heap: 6.365830659866333

 heap: 40404040
heap: 6.4898083209991455

 heap: 40909090
heap: 6.545689105987549

 heap: 41414141
heap: 6.618446588516235

 heap: 41919191
heap: 6.696365594863892

 heap: 42424242
heap: 6.794798374176025

 heap: 42929292
heap: 6.8680739402771

 heap: 43434343
heap: 6.929556369781494

 heap: 43939393
heap: 7.022560358047485

 heap: 44444444
heap: 7.08331298828125

 heap: 44949494
heap: 7.200279712677002

 heap: 45454545
heap: 7.337193965911865

 heap: 45959595
heap: 7.357184648513794

 heap: 46464646
heap: 7.407519340515137

 heap: 46969696
heap: 7.505046844482422

 heap: 47474747
heap: 7.58263897895813

 heap: 47979797
heap: 7.709749221801758

 heap: 48484848
heap: 7.727176189422607

 heap: 48989898
heap: 7.830718040466309

 heap: 49494949
heap: 7.901719570159912

 heap: 50000000
heap: 8.11697506904602

 heap: 0
heap: 0.08390212059020996

 heap: 505050
heap: 0.14747071266174316

 heap: 1010101
heap: 0.23186421394348145

 heap: 1515151
heap: 0.31463050842285156

 heap: 2020202
heap: 0.39438438415527344

 heap: 2525252
heap: 0.47388625144958496

 heap: 3030303
heap: 0.5546009540557861

 heap: 3535353
heap: 0.6355135440826416

 heap: 4040404
heap: 0.7165162563323975

 heap: 4545454
heap: 0.7919018268585205

 heap: 5050505
heap: 0.8701257705688477

 heap: 5555555
heap: 0.9502644538879395

 heap: 6060606
heap: 1.0549421310424805

 heap: 6565656
heap: 1.112605094909668

 heap: 7070707
heap: 1.192504644393921

 heap: 7575757
heap: 1.2696807384490967

 heap: 8080808
heap: 1.3483850955963135

 heap: 8585858
heap: 1.4327325820922852

 heap: 9090909
heap: 1.5066115856170654

 heap: 9595959
heap: 1.5877554416656494

 heap: 10101010
heap: 1.6671490669250488

 heap: 10606060
heap: 1.754870891571045

 heap: 11111111
heap: 1.8222503662109375

 heap: 11616161
heap: 1.908135175704956

 heap: 12121212
heap: 1.9938480854034424

 heap: 12626262
heap: 2.0674002170562744

 heap: 13131313
heap: 2.154200792312622

 heap: 13636363
heap: 2.222923755645752

 heap: 14141414
heap: 2.3048596382141113

 heap: 14646464
heap: 2.388169288635254

 heap: 15151515
heap: 2.4690065383911133

 heap: 15656565
heap: 2.539130210876465

 heap: 16161616
heap: 2.625931978225708

 heap: 16666666
heap: 2.6961190700531006

 heap: 17171717
heap: 2.8310420513153076

 heap: 17676767
heap: 2.865119695663452

 heap: 18181818
heap: 2.945662021636963

 heap: 18686868
heap: 3.037415027618408

 heap: 19191919
heap: 3.2000138759613037

 heap: 19696969
heap: 3.3100829124450684

 heap: 20202020
heap: 3.4311230182647705

 heap: 20707070
heap: 3.5292251110076904

 heap: 21212121
heap: 3.6364312171936035

 heap: 21717171
heap: 3.7009944915771484

 heap: 22222222
heap: 3.624128818511963

 heap: 22727272
heap: 3.650714874267578

 heap: 23232323
heap: 3.745875358581543

 heap: 23737373
heap: 3.805978536605835

 heap: 24242424
heap: 3.9081294536590576

 heap: 24747474
heap: 4.003159046173096

 heap: 25252525
heap: 4.056823253631592

 heap: 25757575
heap: 4.1407470703125

 heap: 26262626
heap: 4.237400054931641

 heap: 26767676
heap: 4.2974512577056885

 heap: 27272727
heap: 4.366245269775391

 heap: 27777777
heap: 4.453886270523071

 heap: 28282828
heap: 4.540721893310547

 heap: 28787878
heap: 4.606339693069458

 heap: 29292929
heap: 4.709545373916626

 heap: 29797979
heap: 4.783683776855469

 heap: 30303030
heap: 4.856761932373047

 heap: 30808080
heap: 4.9391396045684814

 heap: 31313131
heap: 5.025713920593262

 heap: 31818181
heap: 5.104050397872925

 heap: 32323232
heap: 5.1958770751953125

 heap: 32828282
heap: 5.259882926940918

 heap: 33333333
heap: 5.333637237548828

 heap: 33838383
heap: 5.421288013458252

 heap: 34343434
heap: 5.501167058944702

 heap: 34848484
heap: 5.578334331512451

 heap: 35353535
heap: 5.6686110496521

 heap: 35858585
heap: 5.730050325393677

 heap: 36363636
heap: 5.8036863803863525

 heap: 36868686
heap: 5.923740386962891

 heap: 37373737
heap: 5.974233388900757

 heap: 37878787
heap: 6.078338384628296

 heap: 38383838
heap: 6.148874521255493

 heap: 38888888
heap: 6.223293781280518

 heap: 39393939
heap: 6.321130275726318

 heap: 39898989
heap: 6.397852897644043

 heap: 40404040
heap: 6.5164899826049805

 heap: 40909090
heap: 6.552872657775879

 heap: 41414141
heap: 6.625459432601929

 heap: 41919191
heap: 6.712789297103882

 heap: 42424242
heap: 6.84978175163269

 heap: 42929292
heap: 6.878216505050659

 heap: 43434343
heap: 6.9570136070251465

 heap: 43939393
heap: 7.040446758270264

 heap: 44444444
heap: 7.100761890411377

 heap: 44949494
heap: 7.193539381027222

 heap: 45454545
heap: 7.27447509765625

 heap: 45959595
heap: 7.350108861923218

 heap: 46464646
heap: 7.432795524597168

 heap: 46969696
heap: 7.518487453460693

 heap: 47474747
heap: 7.76945948600769

 heap: 47979797
heap: 7.678025007247925

 heap: 48484848
heap: 7.741283655166626

 heap: 48989898
heap: 7.842676877975464

 heap: 49494949
heap: 7.918791770935059

 heap: 50000000
heap: 7.9714555740356445

 heap: 0
heap: 0.08480072021484375

 heap: 505050
heap: 0.1510319709777832

 heap: 1010101
heap: 0.2323606014251709

 heap: 1515151
heap: 0.3121516704559326

 heap: 2020202
heap: 0.39197325706481934

 heap: 2525252
heap: 0.4724102020263672

 heap: 3030303
heap: 0.5522925853729248

 heap: 3535353
heap: 0.6374235153198242

 heap: 4040404
heap: 0.7093095779418945

 heap: 4545454
heap: 0.7880263328552246

 heap: 5050505
heap: 0.8690025806427002

 heap: 5555555
heap: 0.9560637474060059

 heap: 6060606
heap: 1.0256872177124023

 heap: 6565656
heap: 1.1007850170135498

 heap: 7070707
heap: 1.1805591583251953

 heap: 7575757
heap: 1.269904375076294

 heap: 8080808
heap: 1.3404767513275146

 heap: 8585858
heap: 1.4245202541351318

 heap: 9090909
heap: 1.5041944980621338

 heap: 9595959
heap: 1.580444574356079

 heap: 10101010
heap: 1.6563329696655273

 heap: 10606060
heap: 1.739084243774414

 heap: 11111111
heap: 1.82774019241333

 heap: 11616161
heap: 1.9058234691619873

 heap: 12121212
heap: 1.981393814086914

 heap: 12626262
heap: 2.052686929702759

 heap: 13131313
heap: 2.1373534202575684

 heap: 13636363
heap: 2.2136502265930176

 heap: 14141414
heap: 2.292012929916382

 heap: 14646464
heap: 2.374166488647461

 heap: 15151515
heap: 2.451601028442383

 heap: 15656565
heap: 2.5369467735290527

 heap: 16161616
heap: 2.6064207553863525

 heap: 16666666
heap: 2.6966097354888916

 heap: 17171717
heap: 2.763669013977051

 heap: 17676767
heap: 2.853855848312378

 heap: 18181818
heap: 2.938697338104248

 heap: 18686868
heap: 3.0041067600250244

 heap: 19191919
heap: 3.0859949588775635

 heap: 19696969
heap: 3.1655032634735107

 heap: 20202020
heap: 3.2433173656463623

 heap: 20707070
heap: 3.3320229053497314

 heap: 21212121
heap: 3.399913787841797

 heap: 21717171
heap: 3.4813730716705322

 heap: 22222222
heap: 3.578167676925659

 heap: 22727272
heap: 3.667048692703247

 heap: 23232323
heap: 3.7369813919067383

 heap: 23737373
heap: 3.8132975101470947

 heap: 24242424
heap: 3.8964264392852783

 heap: 24747474
heap: 3.9724650382995605

 heap: 25252525
heap: 4.085522413253784

 heap: 25757575
heap: 4.13536524772644

 heap: 26262626
heap: 4.220544338226318

 heap: 26767676
heap: 4.304018020629883

 heap: 27272727
heap: 4.380533218383789

 heap: 27777777
heap: 4.484287977218628

 heap: 28282828
heap: 4.559042692184448

 heap: 28787878
heap: 4.6150267124176025

 heap: 29292929
heap: 4.6924660205841064

 heap: 29797979
heap: 4.781135082244873

 heap: 30303030
heap: 4.8588807582855225

 heap: 30808080
heap: 4.942176342010498

 heap: 31313131
heap: 5.021183967590332

 heap: 31818181
heap: 5.09548282623291

 heap: 32323232
heap: 5.174432992935181

 heap: 32828282
heap: 5.262652635574341

 heap: 33333333
heap: 5.346441745758057

 heap: 33838383
heap: 5.424715042114258

 heap: 34343434
heap: 5.501285791397095

 heap: 34848484
heap: 5.577367544174194

 heap: 35353535
heap: 5.655447006225586

 heap: 35858585
heap: 5.735433101654053

 heap: 36363636
heap: 5.87057089805603

 heap: 36868686
heap: 5.89320707321167

 heap: 37373737
heap: 5.9781494140625

 heap: 37878787
heap: 6.06272554397583

 heap: 38383838
heap: 6.135190010070801

 heap: 38888888
heap: 6.2104151248931885

 heap: 39393939
heap: 6.3313987255096436

 heap: 39898989
heap: 6.383456707000732

 heap: 40404040
heap: 6.469520330429077

 heap: 40909090
heap: 6.533936262130737

 heap: 41414141
heap: 6.628529071807861

 heap: 41919191
heap: 6.697395324707031

 heap: 42424242
heap: 6.781676769256592

 heap: 42929292
heap: 6.865229368209839

 heap: 43434343
heap: 6.942911863327026

 heap: 43939393
heap: 7.138521909713745

 heap: 44444444
heap: 7.113740682601929

 heap: 44949494
heap: 7.198845624923706

 heap: 45454545
heap: 7.245351076126099

 heap: 45959595
heap: 7.360717058181763

 heap: 46464646
heap: 7.476724624633789

 heap: 46969696
heap: 7.499178171157837

 heap: 47474747
heap: 7.578895568847656

 heap: 47979797
heap: 7.73723840713501

 heap: 48484848
heap: 7.744719505310059

 heap: 48989898
heap: 7.827880859375

 heap: 49494949
heap: 7.942286968231201

 heap: 50000000
heap: 8.059536457061768

 heap: 0
heap: 0.08399629592895508

 heap: 505050
heap: 0.14734697341918945

 heap: 1010101
heap: 0.23151183128356934

 heap: 1515151
heap: 0.3146333694458008

 heap: 2020202
heap: 0.39296770095825195

 heap: 2525252
heap: 0.4740018844604492

 heap: 3030303
heap: 0.5556149482727051

 heap: 3535353
heap: 0.6357824802398682

 heap: 4040404
heap: 0.7212467193603516

 heap: 4545454
heap: 0.7929999828338623

 heap: 5050505
heap: 0.8728525638580322

 heap: 5555555
heap: 0.95149827003479

 heap: 6060606
heap: 1.0266191959381104

 heap: 6565656
heap: 1.1073987483978271

 heap: 7070707
heap: 1.1902532577514648

 heap: 7575757
heap: 1.2765758037567139

 heap: 8080808
heap: 1.3487358093261719

 heap: 8585858
heap: 1.4302661418914795

 heap: 9090909
heap: 1.505974292755127

 heap: 9595959
heap: 1.5889179706573486

 heap: 10101010
heap: 1.6693634986877441

 heap: 10606060
heap: 1.748204231262207

 heap: 11111111
heap: 1.829742193222046

 heap: 11616161
heap: 1.9193780422210693

 heap: 12121212
heap: 1.9867680072784424

 heap: 12626262
heap: 2.073448419570923

 heap: 13131313
heap: 2.155327081680298

 heap: 13636363
heap: 2.2255659103393555

 heap: 14141414
heap: 2.31166934967041

 heap: 14646464
heap: 2.3864080905914307

 heap: 15151515
heap: 2.4674088954925537

 heap: 15656565
heap: 2.546462297439575

 heap: 16161616
heap: 2.6315412521362305

 heap: 16666666
heap: 2.6847305297851562

 heap: 17171717
heap: 2.785855293273926

 heap: 17676767
heap: 2.8708035945892334

 heap: 18181818
heap: 2.9291892051696777

 heap: 18686868
heap: 3.019975185394287

 heap: 19191919
heap: 3.0863823890686035

 heap: 19696969
heap: 3.1797635555267334

 heap: 20202020
heap: 3.241013288497925

 heap: 20707070
heap: 3.332397222518921

 heap: 21212121
heap: 3.4034061431884766

 heap: 21717171
heap: 3.4799134731292725

 heap: 22222222
heap: 3.564192771911621

 heap: 22727272
heap: 3.651252269744873

 heap: 23232323
heap: 3.7405669689178467

 heap: 23737373
heap: 3.8487255573272705

 heap: 24242424
heap: 3.8865365982055664

 heap: 24747474
heap: 3.9905893802642822

 heap: 25252525
heap: 4.0508575439453125

 heap: 25757575
heap: 4.138782262802124

 heap: 26262626
heap: 4.215076446533203

 heap: 26767676
heap: 4.2917211055755615

 heap: 27272727
heap: 4.3867199420928955

 heap: 27777777
heap: 4.455691814422607

 heap: 28282828
heap: 4.5518505573272705

 heap: 28787878
heap: 4.6101837158203125

 heap: 29292929
heap: 4.699739456176758

 heap: 29797979
heap: 4.778427362442017

 heap: 30303030
heap: 4.849504232406616

 heap: 30808080
heap: 5.095579624176025

 heap: 31313131
heap: 5.225843906402588

 heap: 31818181
heap: 5.389397144317627

 heap: 32323232
heap: 5.503904342651367

 heap: 32828282
heap: 5.254369020462036

 heap: 33333333
heap: 5.3421852588653564

 heap: 33838383
heap: 5.417814493179321

 heap: 34343434
heap: 5.504277467727661

 heap: 34848484
heap: 5.569215774536133

 heap: 35353535
heap: 5.71996808052063

 heap: 35858585
heap: 5.750584363937378

 heap: 36363636
heap: 5.817480087280273

 heap: 36868686
heap: 5.908867597579956

 heap: 37373737
heap: 5.973291873931885

 heap: 37878787
heap: 6.063758134841919

 heap: 38383838
heap: 6.140726566314697

 heap: 38888888
heap: 6.211817026138306

 heap: 39393939
heap: 6.3159871101379395

 heap: 39898989
heap: 6.378075361251831

 heap: 40404040
heap: 6.460561990737915

 heap: 40909090
heap: 6.549092054367065

 heap: 41414141
heap: 6.627658128738403

 heap: 41919191
heap: 6.712067604064941

 heap: 42424242
heap: 6.770188093185425

 heap: 42929292
heap: 6.866447448730469

 heap: 43434343
heap: 6.935671329498291

 heap: 43939393
heap: 7.020158290863037

 heap: 44444444
heap: 7.1021647453308105

 heap: 44949494
heap: 7.173866033554077

 heap: 45454545
heap: 7.280946731567383

 heap: 45959595
heap: 7.332410573959351

 heap: 46464646
heap: 7.416144609451294

 heap: 46969696
heap: 7.498838663101196

 heap: 47474747
heap: 7.590062141418457

 heap: 47979797
heap: 7.663719177246094

 heap: 48484848
heap: 7.727491140365601

 heap: 48989898
heap: 7.816927671432495

 heap: 49494949
heap: 7.9117751121521

 heap: 50000000
heap: 7.981515407562256

 heap: 0
heap: 0.08386015892028809

 heap: 505050
heap: 0.14657855033874512

 heap: 1010101
heap: 0.23075222969055176

 heap: 1515151
heap: 0.3142728805541992

 heap: 2020202
heap: 0.39780569076538086

 heap: 2525252
heap: 0.47357892990112305

 heap: 3030303
heap: 0.5525929927825928

 heap: 3535353
heap: 0.6307199001312256

 heap: 4040404
heap: 0.708789587020874

 heap: 4545454
heap: 0.7877087593078613

 heap: 5050505
heap: 0.8657586574554443

 heap: 5555555
heap: 0.9469130039215088

 heap: 6060606
heap: 1.0233170986175537

 heap: 6565656
heap: 1.10056471824646

 heap: 7070707
heap: 1.1911373138427734

 heap: 7575757
heap: 1.2636091709136963

 heap: 8080808
heap: 1.3435332775115967

 heap: 8585858
heap: 1.4186029434204102

 heap: 9090909
heap: 1.5079457759857178

 heap: 9595959
heap: 1.5837111473083496

 heap: 10101010
heap: 1.659822940826416

 heap: 10606060
heap: 1.7409253120422363

 heap: 11111111
heap: 1.8192131519317627

 heap: 11616161
heap: 1.9015264511108398

 heap: 12121212
heap: 1.9755618572235107

 heap: 12626262
heap: 2.0639047622680664

 heap: 13131313
heap: 2.1294589042663574

 heap: 13636363
heap: 2.217463731765747

 heap: 14141414
heap: 2.291285991668701

 heap: 14646464
heap: 2.374701499938965

 heap: 15151515
heap: 2.4516849517822266

 heap: 15656565
heap: 2.592068910598755

 heap: 16161616
heap: 2.606571912765503

 heap: 16666666
heap: 2.69490647315979

 heap: 17171717
heap: 2.7747600078582764

 heap: 17676767
heap: 2.877692222595215

 heap: 18181818
heap: 2.9314944744110107

 heap: 18686868
heap: 3.0082645416259766

 heap: 19191919
heap: 3.089770793914795

 heap: 19696969
heap: 3.158900260925293

 heap: 20202020
heap: 3.2506394386291504

 heap: 20707070
heap: 3.3263328075408936

 heap: 21212121
heap: 3.4100723266601562

 heap: 21717171
heap: 3.48413348197937

 heap: 22222222
heap: 3.56892728805542

 heap: 22727272
heap: 3.650618314743042

 heap: 23232323
heap: 3.747474431991577

 heap: 23737373
heap: 3.844244956970215

 heap: 24242424
heap: 3.8963048458099365

 heap: 24747474
heap: 3.973362684249878

 heap: 25252525
heap: 4.065933465957642

 heap: 25757575
heap: 4.134209156036377

 heap: 26262626
heap: 4.218125581741333

 heap: 26767676
heap: 4.297226905822754

 heap: 27272727
heap: 4.384434938430786

 heap: 27777777
heap: 4.452006578445435

 heap: 28282828
heap: 4.548449993133545

 heap: 28787878
heap: 4.624946117401123

 heap: 29292929
heap: 4.693520545959473

 heap: 29797979
heap: 4.904381275177002

 heap: 30303030
heap: 4.8496458530426025

 heap: 30808080
heap: 4.939502239227295

 heap: 31313131
heap: 5.0210020542144775

 heap: 31818181
heap: 5.1086204051971436

 heap: 32323232
heap: 5.179846525192261

 heap: 32828282
heap: 5.25501823425293

 heap: 33333333
heap: 5.342084646224976

 heap: 33838383
heap: 5.415602445602417

 heap: 34343434
heap: 5.506231307983398

 heap: 34848484
heap: 5.620781660079956

 heap: 35353535
heap: 5.6615400314331055

 heap: 35858585
heap: 5.735370635986328

 heap: 36363636
heap: 5.819764137268066

 heap: 36868686
heap: 5.89285135269165

 heap: 37373737
heap: 6.005571365356445

 heap: 37878787
heap: 6.059340953826904

 heap: 38383838
heap: 6.1344218254089355

 heap: 38888888
heap: 6.2192463874816895

 heap: 39393939
heap: 6.304539203643799

 heap: 39898989
heap: 6.3764967918396

 heap: 40404040
heap: 6.461453437805176

 heap: 40909090
heap: 6.5370659828186035

 heap: 41414141
heap: 6.611612796783447

 heap: 41919191
heap: 6.774575471878052

 heap: 42424242
heap: 6.8684680461883545

 heap: 42929292
heap: 6.886402606964111

 heap: 43434343
heap: 6.9502058029174805

 heap: 43939393
heap: 7.0186803340911865

 heap: 44444444
heap: 7.109133005142212

 heap: 44949494
heap: 7.217455625534058

 heap: 45454545
heap: 7.265633821487427

 heap: 45959595
heap: 7.335914611816406

 heap: 46464646
heap: 7.418178558349609

 heap: 46969696
heap: 7.504349946975708

 heap: 47474747
heap: 7.582042217254639

 heap: 47979797
heap: 7.64558482170105

 heap: 48484848
heap: 7.736478567123413

 heap: 48989898
heap: 7.891265153884888

 heap: 49494949
heap: 7.951437950134277

 heap: 50000000
heap: 8.048362016677856

 heap: 0
heap: 0.08378744125366211

 heap: 505050
heap: 0.14721012115478516

 heap: 1010101
heap: 0.232680082321167

 heap: 1515151
heap: 0.31316375732421875

 heap: 2020202
heap: 0.3935427665710449

 heap: 2525252
heap: 0.47449779510498047

 heap: 3030303
heap: 0.5583982467651367

 heap: 3535353
heap: 0.6355979442596436

 heap: 4040404
heap: 0.7132689952850342

 heap: 4545454
heap: 0.7959702014923096

 heap: 5050505
heap: 0.8688828945159912

 heap: 5555555
heap: 0.9529922008514404

 heap: 6060606
heap: 1.0279555320739746

 heap: 6565656
heap: 1.1069128513336182

 heap: 7070707
heap: 1.1929881572723389

 heap: 7575757
heap: 1.2722446918487549

 heap: 8080808
heap: 1.3471965789794922

 heap: 8585858
heap: 1.4316160678863525

 heap: 9090909
heap: 1.5232889652252197

 heap: 9595959
heap: 1.5873651504516602

 heap: 10101010
heap: 1.669933795928955

 heap: 10606060
heap: 1.7536873817443848

 heap: 11111111
heap: 1.8267769813537598

 heap: 11616161
heap: 1.9059045314788818

 heap: 12121212
heap: 1.9891059398651123

 heap: 12626262
heap: 2.067474842071533

 heap: 13131313
heap: 2.1524007320404053

 heap: 13636363
heap: 2.2289066314697266

 heap: 14141414
heap: 2.3084349632263184

 heap: 14646464
heap: 2.379018545150757

 heap: 15151515
heap: 2.454720973968506

 heap: 15656565
heap: 2.536907196044922

 heap: 16161616
heap: 2.6443581581115723

 heap: 16666666
heap: 2.6947550773620605

 heap: 17171717
heap: 2.763037919998169

 heap: 17676767
heap: 2.8498380184173584

 heap: 18181818
heap: 2.927337408065796

 heap: 18686868
heap: 3.003880023956299

 heap: 19191919
heap: 3.083414316177368

 heap: 19696969
heap: 3.1663384437561035

 heap: 20202020
heap: 3.2420432567596436

 heap: 20707070
heap: 3.3286256790161133

 heap: 21212121
heap: 3.4112701416015625

 heap: 21717171
heap: 3.498652219772339

 heap: 22222222
heap: 3.594803810119629

 heap: 22727272
heap: 3.6504247188568115

 heap: 23232323
heap: 3.7346575260162354

 heap: 23737373
heap: 3.8096401691436768

 heap: 24242424
heap: 3.8972997665405273

 heap: 24747474
heap: 3.982224941253662

 heap: 25252525
heap: 4.054492473602295

 heap: 25757575
heap: 4.142034530639648

 heap: 26262626
heap: 4.217403888702393

 heap: 26767676
heap: 4.323671102523804

 heap: 27272727
heap: 4.393795490264893

 heap: 27777777
heap: 4.455888748168945

 heap: 28282828
heap: 4.54834246635437

 heap: 28787878
heap: 4.619208574295044

 heap: 29292929
heap: 4.698397159576416

 heap: 29797979
heap: 4.786460876464844

 heap: 30303030
heap: 4.850426912307739

 heap: 30808080
heap: 4.945870876312256

 heap: 31313131
heap: 5.049689054489136

 heap: 31818181
heap: 5.115079641342163

 heap: 32323232
heap: 5.169137239456177

 heap: 32828282
heap: 5.265337228775024

 heap: 33333333
heap: 5.330185174942017

 heap: 33838383
heap: 5.420233726501465

 heap: 34343434
heap: 5.4908483028411865

 heap: 34848484
heap: 5.588232755661011

 heap: 35353535
heap: 5.644723415374756

 heap: 35858585
heap: 5.750860214233398

 heap: 36363636
heap: 5.820100784301758

 heap: 36868686
heap: 5.887803077697754

 heap: 37373737
heap: 5.982162714004517

 heap: 37878787
heap: 6.059579372406006

 heap: 38383838
heap: 6.1442484855651855

 heap: 38888888
heap: 6.255179405212402

 heap: 39393939
heap: 6.51204776763916

 heap: 39898989
heap: 6.69351863861084

 heap: 40404040
heap: 6.85302734375

 heap: 40909090
heap: 6.558855772018433

 heap: 41414141
heap: 6.621871709823608

 heap: 41919191
heap: 6.716150999069214

 heap: 42424242
heap: 6.770054340362549

 heap: 42929292
heap: 6.876195192337036

 heap: 43434343
heap: 6.96207332611084

 heap: 43939393
heap: 7.034989595413208

 heap: 44444444
heap: 7.121239900588989

 heap: 44949494
heap: 7.210690021514893

 heap: 45454545
heap: 7.27079963684082

 heap: 45959595
heap: 7.346406698226929

 heap: 46464646
heap: 7.420024394989014

 heap: 46969696
heap: 7.5119054317474365

 heap: 47474747
heap: 7.640737295150757

 heap: 47979797
heap: 7.66453218460083

 heap: 48484848
heap: 7.747655630111694

 heap: 48989898
heap: 7.891637802124023

 heap: 49494949
heap: 7.927362680435181

 heap: 50000000
heap: 8.002633094787598

 heap: 0
heap: 0.0844869613647461

 heap: 505050
heap: 0.14814281463623047

 heap: 1010101
heap: 0.24502110481262207

 heap: 1515151
heap: 0.31447625160217285

 heap: 2020202
heap: 0.39328575134277344

 heap: 2525252
heap: 0.47576165199279785

 heap: 3030303
heap: 0.5536532402038574

 heap: 3535353
heap: 0.631967306137085

 heap: 4040404
heap: 0.709326982498169

 heap: 4545454
heap: 0.7873134613037109

 heap: 5050505
heap: 0.8663935661315918

 heap: 5555555
heap: 0.9447627067565918

 heap: 6060606
heap: 1.0254814624786377

 heap: 6565656
heap: 1.0985815525054932

 heap: 7070707
heap: 1.1835532188415527

 heap: 7575757
heap: 1.2645604610443115

 heap: 8080808
heap: 1.3475241661071777

 heap: 8585858
heap: 1.4214808940887451

 heap: 9090909
heap: 1.50130295753479

 heap: 9595959
heap: 1.5867421627044678

 heap: 10101010
heap: 1.6549675464630127

 heap: 10606060
heap: 1.7448182106018066

 heap: 11111111
heap: 1.8227941989898682

 heap: 11616161
heap: 1.8961834907531738

 heap: 12121212
heap: 1.978545904159546

 heap: 12626262
heap: 2.060833215713501

 heap: 13131313
heap: 2.1333847045898438

 heap: 13636363
heap: 2.224245309829712

 heap: 14141414
heap: 2.2950596809387207

 heap: 14646464
heap: 2.3729376792907715

 heap: 15151515
heap: 2.4504644870758057

 heap: 15656565
heap: 2.532513380050659

 heap: 16161616
heap: 2.607849359512329

 heap: 16666666
heap: 2.690581798553467

 heap: 17171717
heap: 2.7793126106262207

 heap: 17676767
heap: 2.857161283493042

 heap: 18181818
heap: 2.9293956756591797

 heap: 18686868
heap: 3.00284481048584

 heap: 19191919
heap: 3.0921010971069336

 heap: 19696969
heap: 3.1606404781341553

 heap: 20202020
heap: 3.2487781047821045

 heap: 20707070
heap: 3.322917938232422

 heap: 21212121
heap: 3.4110074043273926

 heap: 21717171
heap: 3.4934544563293457

 heap: 22222222
heap: 3.617034435272217

 heap: 22727272
heap: 3.6493067741394043

 heap: 23232323
heap: 3.7352800369262695

 heap: 23737373
heap: 3.8170011043548584

 heap: 24242424
heap: 3.9010050296783447

 heap: 24747474
heap: 3.9695234298706055

 heap: 25252525
heap: 4.055057525634766

 heap: 25757575
heap: 4.136606454849243

 heap: 26262626
heap: 4.218548059463501

 heap: 26767676
heap: 4.296607494354248

 heap: 27272727
heap: 4.379983425140381

 heap: 27777777
heap: 4.452563285827637

 heap: 28282828
heap: 4.535389184951782

 heap: 28787878
heap: 4.641320705413818

 heap: 29292929
heap: 4.697125673294067

 heap: 29797979
heap: 4.920132398605347

 heap: 30303030
heap: 4.862607717514038

 heap: 30808080
heap: 4.9512128829956055

 heap: 31313131
heap: 5.008030414581299

 heap: 31818181
heap: 5.096094369888306

 heap: 32323232
heap: 5.1780383586883545

 heap: 32828282
heap: 5.258822679519653

 heap: 33333333
heap: 5.4038426876068115

 heap: 33838383
heap: 5.41663122177124

 heap: 34343434
heap: 5.4930524826049805

 heap: 34848484
heap: 5.653686046600342

 heap: 35353535
heap: 5.661230087280273

 heap: 35858585
heap: 5.762234687805176

 heap: 36363636
heap: 5.831460475921631

 heap: 36868686
heap: 5.894231557846069

 heap: 37373737
heap: 5.973142862319946

 heap: 37878787
heap: 6.065514087677002

 heap: 38383838
heap: 6.234167814254761

 heap: 38888888
heap: 6.238665342330933

 heap: 39393939
heap: 6.283385992050171

 heap: 39898989
heap: 6.391863107681274

 heap: 40404040
heap: 6.530940294265747

 heap: 40909090
heap: 6.559872388839722

 heap: 41414141
heap: 6.645921468734741

 heap: 41919191
heap: 6.694538116455078

 heap: 42424242
heap: 6.766314268112183

 heap: 42929292
heap: 6.904173135757446

 heap: 43434343
heap: 6.94252347946167

 heap: 43939393
heap: 7.027264595031738

 heap: 44444444
heap: 7.112668991088867

 heap: 44949494
heap: 7.232514142990112

 heap: 45454545
heap: 7.259254217147827

 heap: 45959595
heap: 7.361814975738525

 heap: 46464646
heap: 7.405016899108887

 heap: 46969696
heap: 7.5049872398376465

 heap: 47474747
heap: 7.5792200565338135

 heap: 47979797
heap: 7.676237106323242

 heap: 48484848
heap: 7.7419960498809814

 heap: 48989898
heap: 7.86374044418335

 heap: 49494949
heap: 7.941601514816284

 heap: 50000000
heap: 8.037278652191162

 heap: 0
heap: 0.08411598205566406

 heap: 505050
heap: 0.14766836166381836

 heap: 1010101
heap: 0.23189592361450195

 heap: 1515151
heap: 0.31324291229248047

 heap: 2020202
heap: 0.39318060874938965

 heap: 2525252
heap: 0.47450971603393555

 heap: 3030303
heap: 0.5549819469451904

 heap: 3535353
heap: 0.6343705654144287

 heap: 4040404
heap: 0.7129013538360596

 heap: 4545454
heap: 0.7921085357666016

 heap: 5050505
heap: 0.8733241558074951

 heap: 5555555
heap: 0.9551613330841064

 heap: 6060606
heap: 1.027217149734497

 heap: 6565656
heap: 1.110344648361206

 heap: 7070707
heap: 1.1894383430480957

 heap: 7575757
heap: 1.274465799331665

 heap: 8080808
heap: 1.3517107963562012

 heap: 8585858
heap: 1.4276294708251953

 heap: 9090909
heap: 1.5114226341247559

 heap: 9595959
heap: 1.5879454612731934

 heap: 10101010
heap: 1.6734588146209717

 heap: 10606060
heap: 1.749685525894165

 heap: 11111111
heap: 1.8271682262420654

 heap: 11616161
heap: 1.9078762531280518

 heap: 12121212
heap: 1.9864234924316406

 heap: 12626262
heap: 2.065639019012451

 heap: 13131313
heap: 2.151254415512085

 heap: 13636363
heap: 2.2895898818969727

 heap: 14141414
heap: 2.2923426628112793

 heap: 14646464
heap: 2.385840654373169

 heap: 15151515
heap: 2.4719245433807373

 heap: 15656565
heap: 2.5306546688079834

 heap: 16161616
heap: 2.6055967807769775

 heap: 16666666
heap: 2.695073127746582

 heap: 17171717
heap: 2.7697136402130127

 heap: 17676767
heap: 2.8471920490264893

 heap: 18181818
heap: 2.921522378921509

 heap: 18686868
heap: 3.006838083267212

 heap: 19191919
heap: 3.0910086631774902

 heap: 19696969
heap: 3.1771092414855957

 heap: 20202020
heap: 3.2449944019317627

 heap: 20707070
heap: 3.3251688480377197

 heap: 21212121
heap: 3.4324471950531006

 heap: 21717171
heap: 3.496709108352661

 heap: 22222222
heap: 3.5644118785858154

 heap: 22727272
heap: 3.6581196784973145

 heap: 23232323
heap: 3.728235960006714

 heap: 23737373
heap: 3.813602924346924

 heap: 24242424
heap: 3.9115991592407227

 heap: 24747474
heap: 3.9739723205566406

 heap: 25252525
heap: 4.060964584350586

 heap: 25757575
heap: 4.162198066711426

 heap: 26262626
heap: 4.218787670135498

 heap: 26767676
heap: 4.292904853820801

 heap: 27272727
heap: 4.4001264572143555

 heap: 27777777
heap: 4.456923961639404

 heap: 28282828
heap: 4.541597366333008

 heap: 28787878
heap: 4.620226144790649

 heap: 29292929
heap: 4.698976039886475

 heap: 29797979
heap: 4.774034023284912

 heap: 30303030
heap: 4.864274024963379

 heap: 30808080
heap: 4.942207098007202

 heap: 31313131
heap: 5.009046792984009

 heap: 31818181
heap: 5.093505620956421

 heap: 32323232
heap: 5.18034553527832

 heap: 32828282
heap: 5.259801864624023

 heap: 33333333
heap: 5.336880683898926

 heap: 33838383
heap: 5.4381701946258545

 heap: 34343434
heap: 5.493776321411133

 heap: 34848484
heap: 5.567183494567871

 heap: 35353535
heap: 5.653610944747925

 heap: 35858585
heap: 5.742788076400757

 heap: 36363636
heap: 5.805161714553833

 heap: 36868686
heap: 5.909797191619873

 heap: 37373737
heap: 5.9744367599487305

 heap: 37878787
heap: 6.065037488937378

 heap: 38383838
heap: 6.122161865234375

 heap: 38888888
heap: 6.227255582809448

 heap: 39393939
heap: 6.307883262634277

 heap: 39898989
heap: 6.3752405643463135

 heap: 40404040
heap: 6.456905841827393

 heap: 40909090
heap: 6.533488988876343

 heap: 41414141
heap: 6.672630786895752

 heap: 41919191
heap: 6.707692623138428

 heap: 42424242
heap: 6.788933753967285

 heap: 42929292
heap: 6.857974529266357

 heap: 43434343
heap: 6.936955213546753

 heap: 43939393
heap: 7.029926300048828

 heap: 44444444
heap: 7.103597164154053

 heap: 44949494
heap: 7.18135142326355

 heap: 45454545
heap: 7.255682468414307

 heap: 45959595
heap: 7.4979002475738525

 heap: 46464646
heap: 7.7444868087768555

 heap: 46969696
heap: 7.94331693649292

 heap: 47474747
heap: 7.591854095458984

 heap: 47979797
heap: 7.716641187667847

 heap: 48484848
heap: 7.750366449356079

 heap: 48989898
heap: 7.817312479019165

 heap: 49494949
heap: 7.913853406906128

 heap: 50000000
heap: 8.055997133255005

 heap: 0
heap: 0.08389592170715332

 heap: 505050
heap: 0.1467275619506836

 heap: 1010101
heap: 0.23076725006103516

 heap: 1515151
heap: 0.3123617172241211

 heap: 2020202
heap: 0.39171814918518066

 heap: 2525252
heap: 0.47167181968688965

 heap: 3030303
heap: 0.5553667545318604

 heap: 3535353
heap: 0.6305358409881592

 heap: 4040404
heap: 0.7091658115386963

 heap: 4545454
heap: 0.7951540946960449

 heap: 5050505
heap: 0.8764002323150635

 heap: 5555555
heap: 0.9528393745422363

 heap: 6060606
heap: 1.025158166885376

 heap: 6565656
heap: 1.102698802947998

 heap: 7070707
heap: 1.1807687282562256

 heap: 7575757
heap: 1.263803243637085

 heap: 8080808
heap: 1.344315767288208

 heap: 8585858
heap: 1.4330425262451172

 heap: 9090909
heap: 1.5009279251098633

 heap: 9595959
heap: 1.5782430171966553

 heap: 10101010
heap: 1.6611254215240479

 heap: 10606060
heap: 1.7471637725830078

 heap: 11111111
heap: 1.8140921592712402

 heap: 11616161
heap: 1.9006943702697754

 heap: 12121212
heap: 1.9736125469207764

 heap: 12626262
heap: 2.055769681930542

 heap: 13131313
heap: 2.144200325012207

 heap: 13636363
heap: 2.2137277126312256

 heap: 14141414
heap: 2.3007683753967285

 heap: 14646464
heap: 2.377922296524048

 heap: 15151515
heap: 2.453674077987671

 heap: 15656565
heap: 2.5275983810424805

 heap: 16161616
heap: 2.6145637035369873

 heap: 16666666
heap: 2.685993194580078

 heap: 17171717
heap: 2.7700459957122803

 heap: 17676767
heap: 2.86273193359375

 heap: 18181818
heap: 2.925184726715088

 heap: 18686868
heap: 3.006063938140869

 heap: 19191919
heap: 3.081725597381592

 heap: 19696969
heap: 3.1789326667785645

 heap: 20202020
heap: 3.2515668869018555

 heap: 20707070
heap: 3.3528354167938232

 heap: 21212121
heap: 3.403620481491089

 heap: 21717171
heap: 3.491419792175293

 heap: 22222222
heap: 3.569594383239746

 heap: 22727272
heap: 3.664900779724121

 heap: 23232323
heap: 3.7353105545043945

 heap: 23737373
heap: 3.809983253479004

 heap: 24242424
heap: 3.8920531272888184

 heap: 24747474
heap: 3.975198984146118

 heap: 25252525
heap: 4.056224584579468

 heap: 25757575
heap: 4.1874353885650635

 heap: 26262626
heap: 4.217402696609497

 heap: 26767676
heap: 4.313371896743774

 heap: 27272727
heap: 4.369932174682617

 heap: 27777777
heap: 4.462634801864624

 heap: 28282828
heap: 4.526924133300781

 heap: 28787878
heap: 4.618104457855225

 heap: 29292929
heap: 4.696615934371948

 heap: 29797979
heap: 4.781334161758423

 heap: 30303030
heap: 4.868203401565552

 heap: 30808080
heap: 4.937405824661255

 heap: 31313131
heap: 5.018864393234253

 heap: 31818181
heap: 5.140882253646851

 heap: 32323232
heap: 5.17867636680603

 heap: 32828282
heap: 5.265181303024292

 heap: 33333333
heap: 5.342297315597534

 heap: 33838383
heap: 5.420836687088013

 heap: 34343434
heap: 5.505048513412476

 heap: 34848484
heap: 5.583148717880249

 heap: 35353535
heap: 5.650672435760498

 heap: 35858585
heap: 5.734321594238281

 heap: 36363636
heap: 5.826916933059692

 heap: 36868686
heap: 5.8904709815979

 heap: 37373737
heap: 5.975508689880371

 heap: 37878787
heap: 6.060143232345581

 heap: 38383838
heap: 6.142041206359863

 heap: 38888888
heap: 6.230878114700317

 heap: 39393939
heap: 6.37924599647522

 heap: 39898989
heap: 6.389110565185547

 heap: 40404040
heap: 6.472278118133545

 heap: 40909090
heap: 6.528376817703247

 heap: 41414141
heap: 6.622220754623413

 heap: 41919191
heap: 6.739638805389404

 heap: 42424242
heap: 6.782891035079956

 heap: 42929292
heap: 6.879038572311401

 heap: 43434343
heap: 6.958892822265625

 heap: 43939393
heap: 7.019603967666626

 heap: 44444444
heap: 7.121022939682007

 heap: 44949494
heap: 7.164313554763794

 heap: 45454545
heap: 7.270613670349121

 heap: 45959595
heap: 7.343836307525635

 heap: 46464646
heap: 7.4394142627716064

 heap: 46969696
heap: 7.551499366760254

 heap: 47474747
heap: 7.565337896347046

 heap: 47979797
heap: 7.681107044219971

 heap: 48484848
heap: 7.78614616394043

 heap: 48989898
heap: 7.889654874801636

 heap: 49494949
heap: 7.955838680267334

 heap: 50000000
heap: 8.016008377075195

 heap: 0
heap: 0.08383846282958984

 heap: 505050
heap: 0.14674091339111328

 heap: 1010101
heap: 0.23374009132385254

 heap: 1515151
heap: 0.3154299259185791

 heap: 2020202
heap: 0.39388561248779297

 heap: 2525252
heap: 0.4738004207611084

 heap: 3030303
heap: 0.5539679527282715

 heap: 3535353
heap: 0.6347692012786865

 heap: 4040404
heap: 0.7120752334594727

 heap: 4545454
heap: 0.7927093505859375

 heap: 5050505
heap: 0.8714349269866943

 heap: 5555555
heap: 0.9505712985992432

 heap: 6060606
heap: 1.0284781455993652

 heap: 6565656
heap: 1.1080389022827148

 heap: 7070707
heap: 1.1909325122833252

 heap: 7575757
heap: 1.275527000427246

 heap: 8080808
heap: 1.3535656929016113

 heap: 8585858
heap: 1.4337537288665771

 heap: 9090909
heap: 1.5092294216156006

 heap: 9595959
heap: 1.5986709594726562

 heap: 10101010
heap: 1.6665542125701904

 heap: 10606060
heap: 1.7498273849487305

 heap: 11111111
heap: 1.8328888416290283

 heap: 11616161
heap: 1.9064199924468994

 heap: 12121212
heap: 1.992034673690796

 heap: 12626262
heap: 2.0531373023986816

 heap: 13131313
heap: 2.1428630352020264

 heap: 13636363
heap: 2.23178768157959

 heap: 14141414
heap: 2.2911434173583984

 heap: 14646464
heap: 2.373875379562378

 heap: 15151515
heap: 2.453331708908081

 heap: 15656565
heap: 2.530907154083252

 heap: 16161616
heap: 2.610990285873413

 heap: 16666666
heap: 2.699693441390991

 heap: 17171717
heap: 2.7744386196136475

 heap: 17676767
heap: 2.8588802814483643

 heap: 18181818
heap: 2.930859088897705

 heap: 18686868
heap: 3.000318765640259

 heap: 19191919
heap: 3.0906548500061035

 heap: 19696969
heap: 3.1875741481781006

 heap: 20202020
heap: 3.256319999694824

 heap: 20707070
heap: 3.3344814777374268

 heap: 21212121
heap: 3.400153875350952

 heap: 21717171
heap: 3.489835262298584

 heap: 22222222
heap: 3.6196560859680176

 heap: 22727272
heap: 3.654675006866455

 heap: 23232323
heap: 3.744896650314331

 heap: 23737373
heap: 3.81839656829834

 heap: 24242424
heap: 3.898498773574829

 heap: 24747474
heap: 3.9841132164001465

 heap: 25252525
heap: 4.047255754470825

 heap: 25757575
heap: 4.1431028842926025

 heap: 26262626
heap: 4.235821723937988

 heap: 26767676
heap: 4.3113415241241455

 heap: 27272727
heap: 4.374400615692139

 heap: 27777777
heap: 4.466089487075806

 heap: 28282828
heap: 4.541130065917969

 heap: 28787878
heap: 4.6210596561431885

 heap: 29292929
heap: 4.696661710739136

 heap: 29797979
heap: 4.787653923034668

 heap: 30303030
heap: 4.864866495132446

 heap: 30808080
heap: 4.933903694152832

 heap: 31313131
heap: 5.020698070526123

 heap: 31818181
heap: 5.0979814529418945

 heap: 32323232
heap: 5.187855005264282

 heap: 32828282
heap: 5.265072584152222

 heap: 33333333
heap: 5.363056421279907

 heap: 33838383
heap: 5.47778844833374

 heap: 34343434
heap: 5.511568784713745

 heap: 34848484
heap: 5.574495553970337

 heap: 35353535
heap: 5.668552875518799

 heap: 35858585
heap: 5.735331058502197

 heap: 36363636
heap: 5.840683460235596

 heap: 36868686
heap: 5.900118112564087

 heap: 37373737
heap: 5.990954399108887

 heap: 37878787
heap: 6.07163405418396

 heap: 38383838
heap: 6.137828350067139

 heap: 38888888
heap: 6.221773386001587

 heap: 39393939
heap: 6.32254433631897

 heap: 39898989
heap: 6.395522356033325

 heap: 40404040
heap: 6.471694707870483

 heap: 40909090
heap: 6.538996458053589

 heap: 41414141
heap: 6.627196788787842

 heap: 41919191
heap: 6.765861749649048

 heap: 42424242
heap: 6.782179594039917

 heap: 42929292
heap: 6.862950325012207

 heap: 43434343
heap: 6.936058521270752

 heap: 43939393
heap: 7.031001329421997

 heap: 44444444
heap: 7.081431865692139

 heap: 44949494
heap: 7.202019929885864

 heap: 45454545
heap: 7.253276109695435

 heap: 45959595
heap: 7.3373613357543945

 heap: 46464646
heap: 7.432173013687134

 heap: 46969696
heap: 7.545895576477051

 heap: 47474747
heap: 7.604993104934692

 heap: 47979797
heap: 7.66997218132019

 heap: 48484848
heap: 7.744920969009399

 heap: 48989898
heap: 7.838683605194092

 heap: 49494949
heap: 7.90993070602417

 heap: 50000000
heap: 7.991353988647461

 heap: 0
heap: 0.08375859260559082

 heap: 505050
heap: 0.14678215980529785

 heap: 1010101
heap: 0.23068833351135254

 heap: 1515151
heap: 0.31218600273132324

 heap: 2020202
heap: 0.3928210735321045

 heap: 2525252
heap: 0.4710862636566162

 heap: 3030303
heap: 0.5514621734619141

 heap: 3535353
heap: 0.6304306983947754

 heap: 4040404
heap: 0.7113330364227295

 heap: 4545454
heap: 0.7884280681610107

 heap: 5050505
heap: 0.866844654083252

 heap: 5555555
heap: 0.9463677406311035

 heap: 6060606
heap: 1.024526834487915

 heap: 6565656
heap: 1.1009130477905273

 heap: 7070707
heap: 1.1965699195861816

 heap: 7575757
heap: 1.262911081314087

 heap: 8080808
heap: 1.3434579372406006

 heap: 8585858
heap: 1.4191992282867432

 heap: 9090909
heap: 1.504964828491211

 heap: 9595959
heap: 1.5825700759887695

 heap: 10101010
heap: 1.6588108539581299

 heap: 10606060
heap: 1.7405064105987549

 heap: 11111111
heap: 1.816612958908081

 heap: 11616161
heap: 1.951244592666626

 heap: 12121212
heap: 1.9830644130706787

 heap: 12626262
heap: 2.0736935138702393

 heap: 13131313
heap: 2.2170541286468506

 heap: 13636363
heap: 2.297910451889038

 heap: 14141414
heap: 2.358285903930664

 heap: 14646464
heap: 2.501084327697754

 heap: 15151515
heap: 2.6177151203155518

 heap: 15656565
heap: 2.690659284591675

 heap: 16161616
heap: 2.736922025680542

 heap: 16666666
heap: 2.7134618759155273

 heap: 17171717
heap: 2.770822763442993

 heap: 17676767
heap: 2.8425815105438232

 heap: 18181818
heap: 2.927332639694214

 heap: 18686868
heap: 3.0155153274536133

 heap: 19191919
heap: 3.100344657897949

 heap: 19696969
heap: 3.1795809268951416

 heap: 20202020
heap: 3.2536697387695312

 heap: 20707070
heap: 3.3280158042907715

 heap: 21212121
heap: 3.4146430492401123

 heap: 21717171
heap: 3.490469217300415

 heap: 22222222
heap: 3.5733399391174316

 heap: 22727272
heap: 3.6553194522857666

 heap: 23232323
heap: 3.745901584625244

 heap: 23737373
heap: 3.813736915588379

 heap: 24242424
heap: 3.8978981971740723

 heap: 24747474
heap: 3.9886538982391357

 heap: 25252525
heap: 4.06347131729126

 heap: 25757575
heap: 4.144720792770386

 heap: 26262626
heap: 4.2328290939331055

 heap: 26767676
heap: 4.299239873886108

 heap: 27272727
heap: 4.363671779632568

 heap: 27777777
heap: 4.450321435928345

 heap: 28282828
heap: 4.542706251144409

 heap: 28787878
heap: 4.606857776641846

 heap: 29292929
heap: 4.700313091278076

 heap: 29797979
heap: 4.781136512756348

 heap: 30303030
heap: 4.919535160064697

 heap: 30808080
heap: 4.945598840713501

 heap: 31313131
heap: 5.014235496520996

 heap: 31818181
heap: 5.100892543792725

 heap: 32323232
heap: 5.169592380523682

 heap: 32828282
heap: 5.268832445144653

 heap: 33333333
heap: 5.350862264633179

 heap: 33838383
heap: 5.423756122589111

 heap: 34343434
heap: 5.506288766860962

 heap: 34848484
heap: 5.577839612960815

 heap: 35353535
heap: 5.66406774520874

 heap: 35858585
heap: 5.796717166900635

 heap: 36363636
heap: 5.838637351989746

 heap: 36868686
heap: 5.911924362182617

 heap: 37373737
heap: 6.057761192321777

 heap: 37878787
heap: 6.080885648727417

 heap: 38383838
heap: 6.150737524032593

 heap: 38888888
heap: 6.231732606887817

 heap: 39393939
heap: 6.328786849975586

 heap: 39898989
heap: 6.428357124328613

 heap: 40404040
heap: 6.521526098251343

 heap: 40909090
heap: 6.555004119873047

 heap: 41414141
heap: 6.634746313095093

 heap: 41919191
heap: 6.720930576324463

 heap: 42424242
heap: 6.79196572303772

 heap: 42929292
heap: 6.864527463912964

 heap: 43434343
heap: 6.946775674819946

 heap: 43939393
heap: 7.031587362289429

 heap: 44444444
heap: 7.110900640487671

 heap: 44949494
heap: 7.212561845779419

 heap: 45454545
heap: 7.311565637588501

 heap: 45959595
heap: 7.359961271286011

 heap: 46464646
heap: 7.457444429397583

 heap: 46969696
heap: 7.574776887893677

 heap: 47474747
heap: 7.600769519805908

 heap: 47979797
heap: 7.727968692779541

 heap: 48484848
heap: 7.811907052993774

 heap: 48989898
heap: 7.895051956176758

 heap: 49494949
heap: 7.953387975692749

 heap: 50000000
heap: 8.028881788253784

 heap: 0
heap: 0.08518123626708984

 heap: 505050
heap: 0.14963483810424805

 heap: 1010101
heap: 0.2349853515625

 heap: 1515151
heap: 0.3171689510345459

 heap: 2020202
heap: 0.39457225799560547

 heap: 2525252
heap: 0.47490501403808594

 heap: 3030303
heap: 0.5573513507843018

 heap: 3535353
heap: 0.6359567642211914

 heap: 4040404
heap: 0.714606761932373

 heap: 4545454
heap: 0.792449951171875

 heap: 5050505
heap: 0.873528242111206

 heap: 5555555
heap: 0.9567713737487793

 heap: 6060606
heap: 1.0282142162322998

 heap: 6565656
heap: 1.1157846450805664

 heap: 7070707
heap: 1.189246416091919

 heap: 7575757
heap: 1.2779436111450195

 heap: 8080808
heap: 1.3513987064361572

 heap: 8585858
heap: 1.436790943145752

 heap: 9090909
heap: 1.5095155239105225

 heap: 9595959
heap: 1.5963966846466064

 heap: 10101010
heap: 1.669081449508667

 heap: 10606060
heap: 1.752753496170044

 heap: 11111111
heap: 1.8285136222839355

 heap: 11616161
heap: 1.9121875762939453

 heap: 12121212
heap: 1.9919686317443848

 heap: 12626262
heap: 2.0704522132873535

 heap: 13131313
heap: 2.1544859409332275

 heap: 13636363
heap: 2.219829559326172

 heap: 14141414
heap: 2.294093132019043

 heap: 14646464
heap: 2.3794195652008057

 heap: 15151515
heap: 2.4565305709838867

 heap: 15656565
heap: 2.546938180923462

 heap: 16161616
heap: 2.6153249740600586

 heap: 16666666
heap: 2.697673797607422

 heap: 17171717
heap: 2.7824385166168213

 heap: 17676767
heap: 2.85790753364563

 heap: 18181818
heap: 2.9408609867095947

 heap: 18686868
heap: 3.009921073913574

 heap: 19191919
heap: 3.1191136837005615

 heap: 19696969
heap: 3.1678333282470703

 heap: 20202020
heap: 3.249072313308716

 heap: 20707070
heap: 3.334101915359497

 heap: 21212121
heap: 3.4220213890075684

 heap: 21717171
heap: 3.4931139945983887

 heap: 22222222
heap: 3.579242706298828

 heap: 22727272
heap: 3.662895917892456

 heap: 23232323
heap: 3.7398979663848877

 heap: 23737373
heap: 3.8162918090820312

 heap: 24242424
heap: 3.9035284519195557

 heap: 24747474
heap: 4.10259747505188

 heap: 25252525
heap: 4.072967529296875

 heap: 25757575
heap: 4.155197620391846

 heap: 26262626
heap: 4.228404998779297

 heap: 26767676
heap: 4.313974618911743

 heap: 27272727
heap: 4.3898584842681885

 heap: 27777777
heap: 4.465006589889526

 heap: 28282828
heap: 4.53989839553833

 heap: 28787878
heap: 4.636540651321411

 heap: 29292929
heap: 4.719233751296997

 heap: 29797979
heap: 4.7887184619903564

 heap: 30303030
heap: 4.866214275360107

 heap: 30808080
heap: 4.939903020858765

 heap: 31313131
heap: 5.030450344085693

 heap: 31818181
heap: 5.121538162231445

 heap: 32323232
heap: 5.181274175643921

 heap: 32828282
heap: 5.283560037612915

 heap: 33333333
heap: 5.35539436340332

 heap: 33838383
heap: 5.423062801361084

 heap: 34343434
heap: 5.510221719741821

 heap: 34848484
heap: 5.584239482879639

 heap: 35353535
heap: 5.665723085403442

 heap: 35858585
heap: 5.766765832901001

 heap: 36363636
heap: 5.82412052154541

 heap: 36868686
heap: 5.924517393112183

 heap: 37373737
heap: 5.989559650421143

 heap: 37878787
heap: 6.070240497589111

 heap: 38383838
heap: 6.170068979263306

 heap: 38888888
heap: 6.2255542278289795

 heap: 39393939
heap: 6.297747611999512

 heap: 39898989
heap: 6.390888690948486

 heap: 40404040
heap: 6.47530722618103

 heap: 40909090
heap: 6.595813035964966

 heap: 41414141
heap: 6.640127897262573

 heap: 41919191
heap: 6.773879051208496

 heap: 42424242
heap: 6.787386894226074

 heap: 42929292
heap: 6.875414609909058

 heap: 43434343
heap: 6.963394403457642

 heap: 43939393
heap: 7.0666680335998535

 heap: 44444444
heap: 7.102492809295654

 heap: 44949494
heap: 7.2302937507629395

 heap: 45454545
heap: 7.271477460861206

 heap: 45959595
heap: 7.423276424407959

 heap: 46464646
heap: 7.457703113555908

 heap: 46969696
heap: 7.585162162780762

 heap: 47474747
heap: 7.583072185516357

 heap: 47979797
heap: 7.680553436279297

 heap: 48484848
heap: 7.7560131549835205

 heap: 48989898
heap: 7.874107837677002

 heap: 49494949
heap: 7.971603155136108

 heap: 50000000
heap: 7.98923659324646

 heap: 0
heap: 0.08395504951477051

 heap: 505050
heap: 0.14683914184570312

 heap: 1010101
heap: 0.2310502529144287

 heap: 1515151
heap: 0.31637001037597656

 heap: 2020202
heap: 0.39356327056884766

 heap: 2525252
heap: 0.47144389152526855

 heap: 3030303
heap: 0.5525081157684326

 heap: 3535353
heap: 0.6327693462371826

 heap: 4040404
heap: 0.7077820301055908

 heap: 4545454
heap: 0.7891707420349121

 heap: 5050505
heap: 0.8665740489959717

 heap: 5555555
heap: 0.9445066452026367

 heap: 6060606
heap: 1.028907060623169

 heap: 6565656
heap: 1.105053186416626

 heap: 7070707
heap: 1.1817748546600342

 heap: 7575757
heap: 1.2643275260925293

 heap: 8080808
heap: 1.3536489009857178

 heap: 8585858
heap: 1.4271020889282227

 heap: 9090909
heap: 1.4984028339385986

 heap: 9595959
heap: 1.5808100700378418

 heap: 10101010
heap: 1.6635346412658691

 heap: 10606060
heap: 1.7358646392822266

 heap: 11111111
heap: 1.8172364234924316

 heap: 11616161
heap: 1.8963074684143066

 heap: 12121212
heap: 1.9755308628082275

 heap: 12626262
heap: 2.0536415576934814

 heap: 13131313
heap: 2.138585329055786

 heap: 13636363
heap: 2.211134433746338

 heap: 14141414
heap: 2.3068456649780273

 heap: 14646464
heap: 2.369521141052246

 heap: 15151515
heap: 2.4529993534088135

 heap: 15656565
heap: 2.5407958030700684

 heap: 16161616
heap: 2.610656261444092

 heap: 16666666
heap: 2.68517804145813

 heap: 17171717
heap: 2.77372670173645

 heap: 17676767
heap: 2.843284845352173

 heap: 18181818
heap: 2.9275219440460205

 heap: 18686868
heap: 3.0383448600769043

 heap: 19191919
heap: 3.0900189876556396

 heap: 19696969
heap: 3.171192169189453

 heap: 20202020
heap: 3.255215883255005

 heap: 20707070
heap: 3.3258676528930664

 heap: 21212121
heap: 3.4147162437438965

 heap: 21717171
heap: 3.489867687225342

 heap: 22222222
heap: 3.5687448978424072

 heap: 22727272
heap: 3.6519105434417725

 heap: 23232323
heap: 3.731280565261841

 heap: 23737373
heap: 3.8142125606536865

 heap: 24242424
heap: 3.890815258026123

 heap: 24747474
heap: 3.984304189682007

 heap: 25252525
heap: 4.056410312652588

 heap: 25757575
heap: 4.1356728076934814

 heap: 26262626
heap: 4.2151360511779785

 heap: 26767676
heap: 4.295844316482544

 heap: 27272727
heap: 4.481245279312134

 heap: 27777777
heap: 4.622053623199463

 heap: 28282828
heap: 4.817338943481445

 heap: 28787878
heap: 4.8953258991241455

 heap: 29292929
heap: 4.721342325210571

 heap: 29797979
heap: 4.82254433631897

 heap: 30303030
heap: 4.858018159866333

 heap: 30808080
heap: 4.9335126876831055

 heap: 31313131
heap: 5.014796018600464

 heap: 31818181
heap: 5.1006505489349365

 heap: 32323232
heap: 5.182046413421631

 heap: 32828282
heap: 5.321680068969727

 heap: 33333333
heap: 5.340438365936279

 heap: 33838383
heap: 5.416351079940796

 heap: 34343434
heap: 5.50023627281189

 heap: 34848484
heap: 5.578681230545044

 heap: 35353535
heap: 5.655088186264038

 heap: 35858585
heap: 5.7430500984191895

 heap: 36363636
heap: 5.821069717407227

 heap: 36868686
heap: 5.981495380401611

 heap: 37373737
heap: 5.985186338424683

 heap: 37878787
heap: 6.076117992401123

 heap: 38383838
heap: 6.148536682128906

 heap: 38888888
heap: 6.204913377761841

 heap: 39393939
heap: 6.332889556884766

 heap: 39898989
heap: 6.385702848434448

 heap: 40404040
heap: 6.467921018600464

 heap: 40909090
heap: 6.541128158569336

 heap: 41414141
heap: 6.610369443893433

 heap: 41919191
heap: 6.699710845947266

 heap: 42424242
heap: 6.779789924621582

 heap: 42929292
heap: 6.8738837242126465

 heap: 43434343
heap: 6.942854642868042

 heap: 43939393
heap: 7.029484748840332

 heap: 44444444
heap: 7.082803964614868

 heap: 44949494
heap: 7.180732011795044

 heap: 45454545
heap: 7.260104656219482

 heap: 45959595
heap: 7.35547661781311

 heap: 46464646
heap: 7.498894214630127

 heap: 46969696
heap: 7.502680778503418

 heap: 47474747
heap: 7.6615846157073975

 heap: 47979797
heap: 7.70630669593811

 heap: 48484848
heap: 7.806890964508057

 heap: 48989898
heap: 7.856496095657349

 heap: 49494949
heap: 7.941481113433838

 heap: 50000000
heap: 8.045262813568115

 heap: 0
heap: 0.08394360542297363

 heap: 505050
heap: 0.14918231964111328

 heap: 1010101
heap: 0.2340710163116455

 heap: 1515151
heap: 0.3135545253753662

 heap: 2020202
heap: 0.3935892581939697

 heap: 2525252
heap: 0.4757375717163086

 heap: 3030303
heap: 0.5559401512145996

 heap: 3535353
heap: 0.6347141265869141

 heap: 4040404
heap: 0.7120490074157715

 heap: 4545454
heap: 0.7941672801971436

 heap: 5050505
heap: 0.8729076385498047

 heap: 5555555
heap: 0.9502782821655273

 heap: 6060606
heap: 1.0280139446258545

 heap: 6565656
heap: 1.1070997714996338

 heap: 7070707
heap: 1.1895999908447266

 heap: 7575757
heap: 1.2916362285614014

 heap: 8080808
heap: 1.3749020099639893

 heap: 8585858
heap: 1.4277691841125488

 heap: 9090909
heap: 1.5085866451263428

 heap: 9595959
heap: 1.6019048690795898

 heap: 10101010
heap: 1.6573693752288818

 heap: 10606060
heap: 1.7508695125579834

 heap: 11111111
heap: 1.8348231315612793

 heap: 11616161
heap: 1.8975410461425781

 heap: 12121212
heap: 1.9763176441192627

 heap: 12626262
heap: 2.06581449508667

 heap: 13131313
heap: 2.1500868797302246

 heap: 13636363
heap: 2.221128225326538

 heap: 14141414
heap: 2.2957019805908203

 heap: 14646464
heap: 2.3875255584716797

 heap: 15151515
heap: 2.4513680934906006

 heap: 15656565
heap: 2.5387730598449707

 heap: 16161616
heap: 2.6127710342407227

 heap: 16666666
heap: 2.699119806289673

 heap: 17171717
heap: 2.7936413288116455

 heap: 17676767
heap: 2.8513972759246826

 heap: 18181818
heap: 2.9427318572998047

 heap: 18686868
heap: 3.0095736980438232

 heap: 19191919
heap: 3.098524570465088

 heap: 19696969
heap: 3.168065309524536

 heap: 20202020
heap: 3.2520852088928223

 heap: 20707070
heap: 3.3343586921691895

 heap: 21212121
heap: 3.4059109687805176

 heap: 21717171
heap: 3.4976370334625244

 heap: 22222222
heap: 3.5780420303344727

 heap: 22727272
heap: 3.6543595790863037

 heap: 23232323
heap: 3.7369484901428223

 heap: 23737373
heap: 3.825199604034424

 heap: 24242424
heap: 3.9052443504333496

 heap: 24747474
heap: 3.99668550491333

 heap: 25252525
heap: 4.057794809341431

 heap: 25757575
heap: 4.142405271530151

 heap: 26262626
heap: 4.21554708480835

 heap: 26767676
heap: 4.313479900360107

 heap: 27272727
heap: 4.381683826446533

 heap: 27777777
heap: 4.460892677307129

 heap: 28282828
heap: 4.5415425300598145

 heap: 28787878
heap: 4.64171028137207

 heap: 29292929
heap: 4.699369192123413

 heap: 29797979
heap: 4.780043125152588

 heap: 30303030
heap: 4.863171339035034

 heap: 30808080
heap: 4.938563823699951

 heap: 31313131
heap: 5.028919696807861

 heap: 31818181
heap: 5.106967449188232

 heap: 32323232
heap: 5.19739556312561

 heap: 32828282
heap: 5.270426273345947

 heap: 33333333
heap: 5.354632139205933

 heap: 33838383
heap: 5.417835712432861

 heap: 34343434
heap: 5.493235111236572

 heap: 34848484
heap: 5.603925466537476

 heap: 35353535
heap: 5.6755051612854

 heap: 35858585
heap: 5.751264333724976

 heap: 36363636
heap: 5.829670667648315

 heap: 36868686
heap: 5.902295351028442

 heap: 37373737
heap: 5.9849467277526855

 heap: 37878787
heap: 6.071603536605835

 heap: 38383838
heap: 6.142082691192627

 heap: 38888888
heap: 6.227405786514282

 heap: 39393939
heap: 6.362083196640015

 heap: 39898989
heap: 6.417689323425293

 heap: 40404040
heap: 6.458862543106079

 heap: 40909090
heap: 6.605532884597778

 heap: 41414141
heap: 6.611877679824829

 heap: 41919191
heap: 6.69151759147644

 heap: 42424242
heap: 6.775679349899292

 heap: 42929292
heap: 6.89173150062561

 heap: 43434343
heap: 6.951061487197876

 heap: 43939393
heap: 7.009921073913574

 heap: 44444444
heap: 7.104104042053223

 heap: 44949494
heap: 7.170883655548096

 heap: 45454545
heap: 7.276383876800537

 heap: 45959595
heap: 7.398539304733276

 heap: 46464646
heap: 7.423187732696533

 heap: 46969696
heap: 7.5028393268585205

 heap: 47474747
heap: 7.599102973937988

 heap: 47979797
heap: 7.679681777954102

 heap: 48484848
heap: 7.765499830245972

 heap: 48989898
heap: 7.826393127441406

 heap: 49494949
heap: 7.90509033203125

 heap: 50000000
heap: 8.005787134170532

 heap: 0
heap: 0.08378958702087402

 heap: 505050
heap: 0.1465158462524414

 heap: 1010101
heap: 0.23149466514587402

 heap: 1515151
heap: 0.3118588924407959

 heap: 2020202
heap: 0.3917849063873291

 heap: 2525252
heap: 0.4729900360107422

 heap: 3030303
heap: 0.551201581954956

 heap: 3535353
heap: 0.6312885284423828

 heap: 4040404
heap: 0.7155075073242188

 heap: 4545454
heap: 0.7879559993743896

 heap: 5050505
heap: 0.8655729293823242

 heap: 5555555
heap: 0.9459681510925293

 heap: 6060606
heap: 1.0248308181762695

 heap: 6565656
heap: 1.1020574569702148

 heap: 7070707
heap: 1.182960033416748

 heap: 7575757
heap: 1.26350998878479

 heap: 8080808
heap: 1.3493802547454834

 heap: 8585858
heap: 1.4273841381072998

 heap: 9090909
heap: 1.502030849456787

 heap: 9595959
heap: 1.5810494422912598

 heap: 10101010
heap: 1.6695570945739746

 heap: 10606060
heap: 1.7388789653778076

 heap: 11111111
heap: 1.8164806365966797

 heap: 11616161
heap: 1.897404432296753

 heap: 12121212
heap: 1.9785449504852295

 heap: 12626262
heap: 2.060275077819824

 heap: 13131313
heap: 2.1407265663146973

 heap: 13636363
heap: 2.215386152267456

 heap: 14141414
heap: 2.299379825592041

 heap: 14646464
heap: 2.3704795837402344

 heap: 15151515
heap: 2.4555649757385254

 heap: 15656565
heap: 2.529996871948242

 heap: 16161616
heap: 2.6166820526123047

 heap: 16666666
heap: 2.716439962387085

 heap: 17171717
heap: 2.792102336883545

 heap: 17676767
heap: 2.857133388519287

 heap: 18181818
heap: 2.9310293197631836

 heap: 18686868
heap: 3.015305995941162

 heap: 19191919
heap: 3.094524621963501

 heap: 19696969
heap: 3.1698904037475586

 heap: 20202020
heap: 3.2389018535614014

 heap: 20707070
heap: 3.33087158203125

 heap: 21212121
heap: 3.4079837799072266

 heap: 21717171
heap: 3.4944300651550293

 heap: 22222222
heap: 3.570005178451538

 heap: 22727272
heap: 3.65486478805542

 heap: 23232323
heap: 3.771249771118164

 heap: 23737373
heap: 3.847022294998169

 heap: 24242424
heap: 3.8929402828216553

 heap: 24747474
heap: 3.97946834564209

 heap: 25252525
heap: 4.059429168701172

 heap: 25757575
heap: 4.130894899368286

 heap: 26262626
heap: 4.227770566940308

 heap: 26767676
heap: 4.32318115234375

 heap: 27272727
heap: 4.373214483261108

 heap: 27777777
heap: 4.470102071762085

 heap: 28282828
heap: 4.572296142578125

 heap: 28787878
heap: 4.628402471542358

 heap: 29292929
heap: 4.691999673843384

 heap: 29797979
heap: 4.771439075469971

 heap: 30303030
heap: 4.85159969329834

 heap: 30808080
heap: 4.950027942657471

 heap: 31313131
heap: 5.02498459815979

 heap: 31818181
heap: 5.088684558868408

 heap: 32323232
heap: 5.172257900238037

 heap: 32828282
heap: 5.265740156173706

 heap: 33333333
heap: 5.336205720901489

 heap: 33838383
heap: 5.419833421707153

 heap: 34343434
heap: 5.4986536502838135

 heap: 34848484
heap: 5.5952465534210205

 heap: 35353535
heap: 5.721883535385132

 heap: 35858585
heap: 5.745353937149048

 heap: 36363636
heap: 5.944418668746948

 heap: 36868686
heap: 6.184226036071777

 heap: 37373737
heap: 6.356459856033325

 heap: 37878787
heap: 6.200891017913818

 heap: 38383838
heap: 6.122757434844971

 heap: 38888888
heap: 6.211724042892456

 heap: 39393939
heap: 6.304454326629639

 heap: 39898989
heap: 6.436621904373169

 heap: 40404040
heap: 6.458062410354614

 heap: 40909090
heap: 6.55204963684082

 heap: 41414141
heap: 6.6260716915130615

 heap: 41919191
heap: 6.699666976928711

 heap: 42424242
heap: 6.81085205078125

 heap: 42929292
heap: 6.865652799606323

 heap: 43434343
heap: 6.943982362747192

 heap: 43939393
heap: 7.011780500411987

 heap: 44444444
heap: 7.1209259033203125

 heap: 44949494
heap: 7.237295150756836

 heap: 45454545
heap: 7.3593268394470215

 heap: 45959595
heap: 7.394761800765991

 heap: 46464646
heap: 7.458728313446045

 heap: 46969696
heap: 7.485188722610474

 heap: 47474747
heap: 7.594252109527588

 heap: 47979797
heap: 7.708915710449219

 heap: 48484848
heap: 7.797225713729858

 heap: 48989898
heap: 7.875064849853516

 heap: 49494949
heap: 7.959266662597656

 heap: 50000000
heap: 8.034817457199097
	VI TIME:  8063.228183031082
VI: Estimated HEAP suite

 heap: 0
heap: 0.07769775390625

 heap: 505050
heap: 0.14705204963684082

 heap: 1010101
heap: 0.2337327003479004

 heap: 1515151
heap: 0.3131754398345947

 heap: 2020202
heap: 0.3935878276824951

 heap: 2525252
heap: 0.47473621368408203

 heap: 3030303
heap: 0.5566954612731934

 heap: 3535353
heap: 0.6399827003479004

 heap: 4040404
heap: 0.7160887718200684

 heap: 4545454
heap: 0.7891771793365479

 heap: 5050505
heap: 0.8704226016998291

 heap: 5555555
heap: 0.9468612670898438

 heap: 6060606
heap: 1.0283911228179932

 heap: 6565656
heap: 1.1071081161499023

 heap: 7070707
heap: 1.1877245903015137

 heap: 7575757
heap: 1.268507719039917

 heap: 8080808
heap: 1.3515572547912598

 heap: 8585858
heap: 1.428239107131958

 heap: 9090909
heap: 1.5086379051208496

 heap: 9595959
heap: 1.5829522609710693

 heap: 10101010
heap: 1.667656660079956

 heap: 10606060
heap: 1.743513584136963

 heap: 11111111
heap: 1.8279972076416016

 heap: 11616161
heap: 1.9131126403808594

 heap: 12121212
heap: 1.979166030883789

 heap: 12626262
heap: 2.05961275100708

 heap: 13131313
heap: 2.1378750801086426

 heap: 13636363
heap: 2.2360992431640625

 heap: 14141414
heap: 2.307572603225708

 heap: 14646464
heap: 2.3734922409057617

 heap: 15151515
heap: 2.4588406085968018

 heap: 15656565
heap: 2.534844398498535

 heap: 16161616
heap: 2.6208066940307617

 heap: 16666666
heap: 2.699065685272217

 heap: 17171717
heap: 2.77305269241333

 heap: 17676767
heap: 2.860522985458374

 heap: 18181818
heap: 2.934927225112915

 heap: 18686868
heap: 3.01366925239563

 heap: 19191919
heap: 3.1031150817871094

 heap: 19696969
heap: 3.1844825744628906

 heap: 20202020
heap: 3.2553324699401855

 heap: 20707070
heap: 3.3356075286865234

 heap: 21212121
heap: 3.411487579345703

 heap: 21717171
heap: 3.563812017440796

 heap: 22222222
heap: 3.5881056785583496

 heap: 22727272
heap: 3.6607227325439453

 heap: 23232323
heap: 3.744868040084839

 heap: 23737373
heap: 3.836406707763672

 heap: 24242424
heap: 3.905115842819214

 heap: 24747474
heap: 3.9857945442199707

 heap: 25252525
heap: 4.072756767272949

 heap: 25757575
heap: 4.162655830383301

 heap: 26262626
heap: 4.236956834793091

 heap: 26767676
heap: 4.3037426471710205

 heap: 27272727
heap: 4.417696475982666

 heap: 27777777
heap: 4.4631664752960205

 heap: 28282828
heap: 4.551744699478149

 heap: 28787878
heap: 4.627091646194458

 heap: 29292929
heap: 4.720126152038574

 heap: 29797979
heap: 4.789442300796509

 heap: 30303030
heap: 4.8645806312561035

 heap: 30808080
heap: 4.950702428817749

 heap: 31313131
heap: 5.0434486865997314

 heap: 31818181
heap: 5.17605185508728

 heap: 32323232
heap: 5.200753211975098

 heap: 32828282
heap: 5.2642199993133545

 heap: 33333333
heap: 5.3552165031433105

 heap: 33838383
heap: 5.4332592487335205

 heap: 34343434
heap: 5.508978366851807

 heap: 34848484
heap: 5.602930784225464

 heap: 35353535
heap: 5.686724901199341

 heap: 35858585
heap: 5.758062124252319

 heap: 36363636
heap: 5.839965343475342

 heap: 36868686
heap: 5.915163040161133

 heap: 37373737
heap: 5.996923446655273

 heap: 37878787
heap: 6.0930681228637695

 heap: 38383838
heap: 6.152045011520386

 heap: 38888888
heap: 6.301769256591797

 heap: 39393939
heap: 6.318420648574829

 heap: 39898989
heap: 6.412348985671997

 heap: 40404040
heap: 6.520424127578735

 heap: 40909090
heap: 6.55897855758667

 heap: 41414141
heap: 6.641988277435303

 heap: 41919191
heap: 6.718345403671265

 heap: 42424242
heap: 6.7929909229278564

 heap: 42929292
heap: 6.898555517196655

 heap: 43434343
heap: 6.966354608535767

 heap: 43939393
heap: 7.0328686237335205

 heap: 44444444
heap: 7.1694300174713135

 heap: 44949494
heap: 7.213845729827881

 heap: 45454545
heap: 7.287665843963623

 heap: 45959595
heap: 7.388845205307007

 heap: 46464646
heap: 7.445865869522095

 heap: 46969696
heap: 7.5392374992370605

 heap: 47474747
heap: 7.689286708831787

 heap: 47979797
heap: 7.691994667053223

 heap: 48484848
heap: 7.775201082229614

 heap: 48989898
heap: 7.850996255874634

 heap: 49494949
heap: 7.937466144561768

 heap: 50000000
heap: 8.014641284942627
	VI TIME:  3132.5469353199005
VI: Estimated HEAP HAPAXES
ImprovedSpectrumSuite_
ImprovedSpectrumSuite_convergence_ranks
ImprovedSpectrumSuite_convergence_freq
VI: PICKLING DONE
COPYING VI
Job  ended at Fri May 31 20:32:27 CEST 2019
